Mplus VERSION 8.4 (Mac)
MUTHEN & MUTHEN
08/28/2020   4:29 PM

INPUT INSTRUCTIONS

  TITLE: Math RI-CLPM
  DATA: FILE = "../../data/mplus_imp.txt";
  TYPE = IMPUTATION;
  VARIABLE:
  NAMES = y3_weight y3_math_interest y3_math_judgement y5_math_interest
       y5_math_judgement y7_math_interest y7_math_judgement y3_math y5_math y7_math
       y3_math_sch y5_math_sch y7_math_sch y3_read_interest y3_read_judgement
       y5_read_interest y5_read_judgement y7_read_interest y7_read_judgement y3_read
       y5_read y7_read y3_read_sch y5_read_sch y7_read_sch gender ses geo indig lang
       y3_sid;
  MISSING=.;

  WEIGHT ARE y3_weight;

  USEVARIABLES ARE
    y3_math y5_math y7_math
  	y3_math_interest y5_math_interest y7_math_interest
  	y3_math_judgement y5_math_judgement y7_math_judgement;

  CLUSTER = y3_sid;

  DEFINE:
    STANDARDIZE y3_math y5_math y7_math;
    !y3_math = y3_math/100;
    !y5_math = y3_math/100;
    !y7_math = y3_math/100;

  ANALYSIS: ESTIMATOR = MLR; TYPE = complex;

  MODEL:
  !Random Intercept
  ri_math_int BY y3_math_interest@1 y5_math_interest@1 y7_math_interest@1;
  ri_math BY y3_math@1 y5_math@1 y7_math@1;
  ri_math_jud BY y3_math_judgement@1 y5_math_judgement@1 y7_math_judgement@1;

  !within person
  cx3 BY y3_math_interest@1; cx5 BY y5_math_interest@1; cx7 BY y7_math_interest@1;
  cy3 BY y3_math@1; cy5 BY y5_math@1; cy7 BY y7_math@1;
  cw3 BY y3_math_judgement@1; cw5 BY y5_math_judgement@1; cw7 BY y7_math_judgement@1;

  !constraints loadings
  y3_math_interest@0; y5_math_interest@0; y7_math_interest@0;
  y3_math@0; y5_math@0; y7_math@0;
  y3_math_judgement@0; y5_math_judgement@0; y7_math_judgement@0;

  !constraints covariances
  ri_math_int WITH cx3@0 cy3@0 cw3@0;
  ri_math_int WITH cx5@0 cy5@0 cw7@0;
  ri_math_int WITH cx7@0 cy5@0 cw7@0;

  ri_math WITH cx3@0 cy3@0 cw3@0;
  ri_math WITH cx5@0 cy5@0 cw7@0;
  ri_math WITH cx7@0 cy5@0 cw7@0;

  ri_math_jud WITH cx3@0 cy3@0 cw3@0;
  ri_math_jud WITH cx5@0 cy5@0 cw7@0;
  ri_math_jud WITH cx7@0 cy5@0 cw7@0;


  !cross-lagged
    cx7 ON cx5 (P1); cx5 ON cx3 (P1);
    cx7 ON cy5 (P2); cx5 ON cy3 (P2);
    cx7 ON cw5 (P3); cx5 ON cw3 (P3);

    cy7 ON cy5 (P4); cy5 ON cy3 (P4);
    cy7 ON cx5 (P5); cy5 ON cx3 (P5);
    cy7 ON cw5 (P6); cy5 ON cw3 (P6);

    cw7 ON cw5 (P7); cw5 ON cw3 (P7);
    cw7 ON cx5 (P8); cw5 ON cx3 (P8);
    cw7 ON cy5 (P9); cw5 ON cy3 (P9);

  ! Residual correlations
  cx3 WITH cy3;
  cx5 WITH cy5;
  cx7 WITH cy7;

  cw3 WITH cy3;
  cw5 WITH cy5;
  cw7 WITH cy7;

  cw3 WITH cx3;
  cw5 WITH cx5;
  cw7 WITH cx7;


  OUTPUT: STDYX; CINTERVAL;



*** WARNING in VARIABLE command
  Note that only the first 8 characters of variable names are used in the output.
  Shorten variable names to avoid any confusion.
   1 WARNING(S) FOUND IN THE INPUT INSTRUCTIONS



Math RI-CLPM

SUMMARY OF ANALYSIS

Number of groups                                                 1
Average number of observations                                2602

Number of replications
    Requested                                                    5
    Completed                                                    5

Number of dependent variables                                    9
Number of independent variables                                  0
Number of continuous latent variables                           12

Observed dependent variables

  Continuous
   Y3_MATH     Y5_MATH     Y7_MATH     Y3_MATH_IN  Y5_MATH_IN  Y7_MATH_IN
   Y3_MATH_JU  Y5_MATH_JU  Y7_MATH_JU

Continuous latent variables
   RI_MATH_    RI_MATH     RI_MATH_    CX3         CX5         CX7
   CY3         CY5         CY7         CW3         CW5         CW7

Variables with special functions

  Cluster variable      Y3_SID
  Weight variable       Y3_WEIGH

Estimator                                                      MLR
Information matrix                                        OBSERVED
Maximum number of iterations                                  1000
Convergence criterion                                    0.500D-04
Maximum number of steepest descent iterations                   20
Maximum number of iterations for H1                           2000
Convergence criterion for H1                             0.100D-03

Input data file(s)
  Multiple data files from
    ../../data/mplus_imp.txt

Input data format  FREE


SUMMARY OF DATA FOR THE FIRST DATA SET

     Number of missing data patterns             1
     Number of clusters                       1614



SUMMARY OF MISSING DATA PATTERNS FOR THE FIRST DATA SET


     MISSING DATA PATTERNS (x = not missing)

           1
 Y3_MATH   x
 Y5_MATH   x
 Y7_MATH   x
 Y3_MATH_  x
 Y5_MATH_  x
 Y7_MATH_  x
 Y3_MATH_  x
 Y5_MATH_  x
 Y7_MATH_  x


     MISSING DATA PATTERN FREQUENCIES

    Pattern   Frequency
          1        2602


COVARIANCE COVERAGE OF DATA FOR THE FIRST DATA SET

Minimum covariance coverage value   0.100


     PROPORTION OF DATA PRESENT


           Covariance Coverage
              Y3_MATH       Y5_MATH       Y7_MATH       Y3_MATH_      Y5_MATH_
              ________      ________      ________      ________      ________
 Y3_MATH        1.000
 Y5_MATH        1.000         1.000
 Y7_MATH        1.000         1.000         1.000
 Y3_MATH_       1.000         1.000         1.000         1.000
 Y5_MATH_       1.000         1.000         1.000         1.000         1.000
 Y7_MATH_       1.000         1.000         1.000         1.000         1.000
 Y3_MATH_       1.000         1.000         1.000         1.000         1.000
 Y5_MATH_       1.000         1.000         1.000         1.000         1.000
 Y7_MATH_       1.000         1.000         1.000         1.000         1.000


           Covariance Coverage
              Y7_MATH_      Y3_MATH_      Y5_MATH_      Y7_MATH_
              ________      ________      ________      ________
 Y7_MATH_       1.000
 Y3_MATH_       1.000         1.000
 Y5_MATH_       1.000         1.000         1.000
 Y7_MATH_       1.000         1.000         1.000         1.000


SAMPLE STATISTICS

NOTE:  These are average results over 5 data sets.


     ESTIMATED SAMPLE STATISTICS


           Means
              Y3_MATH       Y5_MATH       Y7_MATH       Y3_MATH_      Y5_MATH_
              ________      ________      ________      ________      ________
                0.000         0.000         0.000         2.485         2.386


           Means
              Y7_MATH_      Y3_MATH_      Y5_MATH_      Y7_MATH_
              ________      ________      ________      ________
                2.253         3.725         3.693         3.616


           Covariances
              Y3_MATH       Y5_MATH       Y7_MATH       Y3_MATH_      Y5_MATH_
              ________      ________      ________      ________      ________
 Y3_MATH        1.000
 Y5_MATH        0.728         1.000
 Y7_MATH        0.746         0.811         1.000
 Y3_MATH_       0.089         0.105         0.112         0.504
 Y5_MATH_       0.116         0.153         0.157         0.148         0.453
 Y7_MATH_       0.133         0.178         0.211         0.129         0.200
 Y3_MATH_       0.478         0.483         0.477         0.180         0.145
 Y5_MATH_       0.445         0.509         0.491         0.144         0.204
 Y7_MATH_       0.440         0.508         0.558         0.123         0.185


           Covariances
              Y7_MATH_      Y3_MATH_      Y5_MATH_      Y7_MATH_
              ________      ________      ________      ________
 Y7_MATH_       0.528
 Y3_MATH_       0.148         1.015
 Y5_MATH_       0.195         0.538         1.089
 Y7_MATH_       0.302         0.465         0.550         1.199


           Correlations
              Y3_MATH       Y5_MATH       Y7_MATH       Y3_MATH_      Y5_MATH_
              ________      ________      ________      ________      ________
 Y3_MATH        1.000
 Y5_MATH        0.728         1.000
 Y7_MATH        0.746         0.811         1.000
 Y3_MATH_       0.125         0.148         0.157         1.000
 Y5_MATH_       0.173         0.227         0.234         0.310         1.000
 Y7_MATH_       0.182         0.245         0.291         0.251         0.409
 Y3_MATH_       0.474         0.480         0.474         0.252         0.213
 Y5_MATH_       0.426         0.488         0.470         0.195         0.291
 Y7_MATH_       0.402         0.464         0.510         0.159         0.251


           Correlations
              Y7_MATH_      Y3_MATH_      Y5_MATH_      Y7_MATH_
              ________      ________      ________      ________
 Y7_MATH_       1.000
 Y3_MATH_       0.202         1.000
 Y5_MATH_       0.257         0.511         1.000
 Y7_MATH_       0.379         0.422         0.481         1.000


MODEL FIT INFORMATION

Number of Free Parameters                       42

Loglikelihood

    H0 Value

        Mean                            -26038.954
        Std Dev                             25.243
        Number of successful computations        5

             Proportions                   Percentiles
        Expected    Observed         Expected       Observed
           0.990       1.000       -26097.678     -26080.620
           0.980       1.000       -26090.796     -26080.620
           0.950       0.800       -26080.477     -26080.620
           0.900       0.800       -26071.306     -26080.620
           0.800       0.800       -26060.199     -26080.620
           0.700       0.800       -26052.192     -26080.620
           0.500       0.600       -26038.954     -26040.916
           0.300       0.200       -26025.716     -26037.393
           0.200       0.200       -26017.709     -26034.638
           0.100       0.200       -26006.602     -26034.638
           0.050       0.000       -25997.431     -26034.638
           0.020       0.000       -25987.111     -26034.638
           0.010       0.000       -25980.230     -26034.638

    H1 Value

        Mean                            -25998.055
        Std Dev                             26.235
        Number of successful computations        5

             Proportions                   Percentiles
        Expected    Observed         Expected       Observed
           0.990       1.000       -26059.085     -26042.980
           0.980       1.000       -26051.933     -26042.980
           0.950       0.800       -26041.209     -26042.980
           0.900       0.800       -26031.677     -26042.980
           0.800       0.800       -26020.134     -26042.980
           0.700       0.800       -26011.813     -26042.980
           0.500       0.600       -25998.055     -26001.067
           0.300       0.200       -25984.298     -25996.576
           0.200       0.200       -25975.976     -25987.722
           0.100       0.200       -25964.433     -25987.722
           0.050       0.000       -25954.902     -25987.722
           0.020       0.000       -25944.177     -25987.722
           0.010       0.000       -25937.025     -25987.722

Information Criteria

    Akaike (AIC)

        Mean                             52161.908
        Std Dev                             50.487
        Number of successful computations        5

             Proportions                   Percentiles
        Expected    Observed         Expected       Observed
           0.990       1.000        52044.460      52086.405
           0.980       1.000        52058.223      52086.405
           0.950       1.000        52078.862      52086.405
           0.900       0.800        52097.204      52086.405
           0.800       0.800        52119.418      52086.405
           0.700       0.800        52135.432      52086.405
           0.500       0.400        52161.908      52153.276
           0.300       0.200        52188.383      52158.786
           0.200       0.200        52204.398      52165.832
           0.100       0.200        52226.612      52165.832
           0.050       0.200        52244.954      52165.832
           0.020       0.000        52265.593      52165.832
           0.010       0.000        52279.356      52165.832

    Bayesian (BIC)

        Mean                             52408.197
        Std Dev                             50.487
        Number of successful computations        5

             Proportions                   Percentiles
        Expected    Observed         Expected       Observed
           0.990       1.000        52290.749      52332.694
           0.980       1.000        52304.512      52332.694
           0.950       1.000        52325.151      52332.694
           0.900       0.800        52343.493      52332.694
           0.800       0.800        52365.707      52332.694
           0.700       0.800        52381.722      52332.694
           0.500       0.400        52408.197      52399.565
           0.300       0.200        52434.673      52405.075
           0.200       0.200        52450.687      52412.122
           0.100       0.200        52472.901      52412.122
           0.050       0.200        52491.243      52412.122
           0.020       0.000        52511.882      52412.122
           0.010       0.000        52525.645      52412.122

    Sample-Size Adjusted BIC (n* = (n + 2) / 24)

        Mean                             52274.751
        Std Dev                             50.487
        Number of successful computations        5

             Proportions                   Percentiles
        Expected    Observed         Expected       Observed
           0.990       1.000        52157.303      52199.248
           0.980       1.000        52171.066      52199.248
           0.950       1.000        52191.705      52199.248
           0.900       0.800        52210.047      52199.248
           0.800       0.800        52232.261      52199.248
           0.700       0.800        52248.276      52199.248
           0.500       0.400        52274.751      52266.119
           0.300       0.200        52301.227      52271.629
           0.200       0.200        52317.241      52278.676
           0.100       0.200        52339.455      52278.676
           0.050       0.200        52357.797      52278.676
           0.020       0.000        52378.436      52278.676
           0.010       0.000        52392.199      52278.676

Chi-Square Test of Model Fit

        Degrees of freedom                      12

        Mean                                89.852
        Std Dev                             18.717
        Number of successful computations        5

             Proportions                   Percentiles
        Expected    Observed         Expected       Observed
           0.990       1.000            3.571         71.377
           0.980       1.000            4.178         71.377
           0.950       1.000            5.226         71.377
           0.900       1.000            6.304         71.377
           0.800       1.000            7.807         71.377
           0.700       1.000            9.034         71.377
           0.500       1.000           11.340         73.254
           0.300       1.000           14.011         89.194
           0.200       1.000           15.812         91.968
           0.100       1.000           18.549         91.968
           0.050       1.000           21.026         91.968
           0.020       1.000           24.054         91.968
           0.010       1.000           26.217         91.968

RMSEA (Root Mean Square Error Of Approximation)

        Mean                                 0.050
        Std Dev                              0.006
        Number of successful computations        5

        Cumulative Distribution Function
           Value    Function Value
           0.990       1.000
           0.980       1.000
           0.950       1.000
           0.900       1.000
           0.800       1.000
           0.700       1.000
           0.500       1.000
           0.300       1.000
           0.200       1.000
           0.100       1.000
           0.050       0.600
           0.020       0.000
           0.010       0.000

CFI/TLI

    CFI

        Mean                                 0.989
        Std Dev                              0.003
        Number of successful computations        5

        Cumulative Distribution Function
           Value    Function Value
           0.990       0.600
           0.980       0.000
           0.950       0.000
           0.900       0.000
           0.800       0.000
           0.700       0.000
           0.500       0.000
           0.300       0.000
           0.200       0.000
           0.100       0.000
           0.050       0.000
           0.020       0.000
           0.010       0.000

    TLI

        Mean                                 0.967
        Std Dev                              0.008
        Number of successful computations        5

        Cumulative Distribution Function
           Value    Function Value
           0.990       1.000
           0.980       1.000
           0.950       0.000
           0.900       0.000
           0.800       0.000
           0.700       0.000
           0.500       0.000
           0.300       0.000
           0.200       0.000
           0.100       0.000
           0.050       0.000
           0.020       0.000
           0.010       0.000

SRMR (Standardized Root Mean Square Residual)

        Mean                                 0.027
        Std Dev                              0.002
        Number of successful computations        5

        Cumulative Distribution Function
           Value    Function Value
           0.990       1.000
           0.980       1.000
           0.950       1.000
           0.900       1.000
           0.800       1.000
           0.700       1.000
           0.500       1.000
           0.300       1.000
           0.200       1.000
           0.100       1.000
           0.050       1.000
           0.020       0.000
           0.010       0.000


MODEL RESULTS

                                                    Two-Tailed   Rate of
                    Estimate       S.E.  Est./S.E.    P-Value    Missing

 RI_MATH_ BY
    Y3_MATH_IN         1.000      0.000    999.000    999.000      0.000
    Y5_MATH_IN         1.000      0.000    999.000    999.000      0.000
    Y7_MATH_IN         1.000      0.000    999.000    999.000      0.000

 RI_MATH  BY
    Y3_MATH            1.000      0.000    999.000    999.000      0.000
    Y5_MATH            1.000      0.000    999.000    999.000      0.000
    Y7_MATH            1.000      0.000    999.000    999.000      0.000

 RI_MATH_ BY
    Y3_MATH_JU         1.000      0.000    999.000    999.000      0.000
    Y5_MATH_JU         1.000      0.000    999.000    999.000      0.000
    Y7_MATH_JU         1.000      0.000    999.000    999.000      0.000

 CX3      BY
    Y3_MATH_IN         1.000      0.000    999.000    999.000      0.000

 CX5      BY
    Y5_MATH_IN         1.000      0.000    999.000    999.000      0.000

 CX7      BY
    Y7_MATH_IN         1.000      0.000    999.000    999.000      0.000

 CY3      BY
    Y3_MATH            1.000      0.000    999.000    999.000      0.000

 CY5      BY
    Y5_MATH            1.000      0.000    999.000    999.000      0.000

 CY7      BY
    Y7_MATH            1.000      0.000    999.000    999.000      0.000

 CW3      BY
    Y3_MATH_JU         1.000      0.000    999.000    999.000      0.000

 CW5      BY
    Y5_MATH_JU         1.000      0.000    999.000    999.000      0.000

 CW7      BY
    Y7_MATH_JU         1.000      0.000    999.000    999.000      0.000

 CX7      ON
    CX5                0.150      0.038      3.945      0.000      0.115
    CY5                0.118      0.056      2.116      0.034      0.079
    CW5                0.059      0.023      2.544      0.011      0.233

 CX5      ON
    CX3                0.150      0.038      3.945      0.000      0.115
    CY3                0.118      0.056      2.116      0.034      0.079
    CW3                0.059      0.023      2.544      0.011      0.233

 CY7      ON
    CY5                0.172      0.151      1.139      0.255      0.073
    CX5                0.085      0.040      2.132      0.033      0.348
    CW5                0.070      0.028      2.513      0.012      0.359

 CY5      ON
    CY3                0.172      0.151      1.139      0.255      0.073
    CX3                0.085      0.040      2.132      0.033      0.348
    CW3                0.070      0.028      2.513      0.012      0.359

 CW7      ON
    CW5                0.168      0.041      4.132      0.000      0.300
    CX5                0.117      0.038      3.054      0.002      0.132
    CY5                0.178      0.077      2.305      0.021      0.089

 CW5      ON
    CW3                0.168      0.041      4.132      0.000      0.300
    CX3                0.117      0.038      3.054      0.002      0.132
    CY3                0.178      0.077      2.305      0.021      0.089

 RI_MATH_ WITH
    CX3                0.000      0.000    999.000    999.000      0.000
    CY3                0.000      0.000    999.000    999.000      0.000
    CW3                0.000      0.000    999.000    999.000      0.000
    CX5                0.000      0.000    999.000    999.000      0.000
    CY5                0.000      0.000    999.000    999.000      0.000
    CW7                0.000      0.000    999.000    999.000      0.000
    CX7                0.000      0.000    999.000    999.000      0.000

 RI_MATH  WITH
    CX3                0.000      0.000    999.000    999.000      0.000
    CY3                0.000      0.000    999.000    999.000      0.000
    CW3                0.000      0.000    999.000    999.000      0.000
    CX5                0.000      0.000    999.000    999.000      0.000
    CY5                0.000      0.000    999.000    999.000      0.000
    CW7                0.000      0.000    999.000    999.000      0.000
    CX7                0.000      0.000    999.000    999.000      0.000
    RI_MATH_IN         0.099      0.019      5.290      0.000      0.181

 RI_MATH_ WITH
    CX3                0.000      0.000    999.000    999.000      0.000
    CY3                0.000      0.000    999.000    999.000      0.000
    CW3                0.000      0.000    999.000    999.000      0.000
    CX5                0.000      0.000    999.000    999.000      0.000
    CY5                0.000      0.000    999.000    999.000      0.000
    CW7                0.000      0.000    999.000    999.000      0.000
    CX7                0.000      0.000    999.000    999.000      0.000
    RI_MATH_IN         0.106      0.017      6.119      0.000      0.138
    RI_MATH            0.424      0.027     15.468      0.000      0.066

 CX3      WITH
    CY3                0.004      0.013      0.294      0.769      0.316
    CW3                0.081      0.018      4.395      0.000      0.075

 CX5      WITH
    CY5                0.062      0.023      2.681      0.007      0.100
    CW5                0.094      0.018      5.253      0.000      0.222

 CX7      WITH
    CY7                0.060      0.012      5.022      0.000      0.287
    CW7                0.142      0.016      8.689      0.000      0.227

 CW3      WITH
    CY3                0.051      0.015      3.451      0.001      0.071

 CW5      WITH
    CY5                0.104      0.034      3.039      0.002      0.075

 CW7      WITH
    CY7                0.080      0.015      5.199      0.000      0.065

 Intercepts
    Y3_MATH            0.000      0.022      0.000      1.000      0.000
    Y5_MATH            0.000      0.023      0.000      1.000      0.000
    Y7_MATH            0.000      0.022      0.000      1.000      0.000
    Y3_MATH_IN         2.485      0.016    159.251      0.000      0.036
    Y5_MATH_IN         2.386      0.016    148.414      0.000      0.257
    Y7_MATH_IN         2.253      0.016    136.643      0.000      0.102
    Y3_MATH_JU         3.725      0.021    176.643      0.000      0.014
    Y5_MATH_JU         3.693      0.024    156.535      0.000      0.058
    Y7_MATH_JU         3.616      0.027    133.602      0.000      0.261

 Variances
    RI_MATH_IN         0.109      0.016      6.704      0.000      0.051
    RI_MATH            0.727      0.042     17.352      0.000      0.084
    RI_MATH_JU         0.418      0.034     12.154      0.000      0.195
    CX3                0.404      0.017     23.128      0.000      0.019
    CY3                0.314      0.020     15.767      0.000      0.112
    CW3                0.579      0.034     17.123      0.000      0.136

 Residual Variances
    Y3_MATH            0.000      0.000    999.000    999.000      0.000
    Y5_MATH            0.000      0.000    999.000    999.000      0.000
    Y7_MATH            0.000      0.000    999.000    999.000      0.000
    Y3_MATH_IN         0.000      0.000    999.000    999.000      0.000
    Y5_MATH_IN         0.000      0.000    999.000    999.000      0.000
    Y7_MATH_IN         0.000      0.000    999.000    999.000      0.000
    Y3_MATH_JU         0.000      0.000    999.000    999.000      0.000
    Y5_MATH_JU         0.000      0.000    999.000    999.000      0.000
    Y7_MATH_JU         0.000      0.000    999.000    999.000      0.000
    CX5                0.343      0.017     19.864      0.000      0.103
    CX7                0.375      0.015     25.050      0.000      0.082
    CY5                0.302      0.081      3.712      0.000      0.051
    CY7                0.201      0.022      9.338      0.000      0.051
    CW5                0.662      0.030     21.808      0.000      0.068
    CW7                0.727      0.031     23.118      0.000      0.311


STANDARDIZED MODEL RESULTS


STDYX Standardization

                                                    Two-Tailed   Rate of
                    Estimate       S.E.  Est./S.E.    P-Value    Missing

 RI_MATH_ BY
    Y3_MATH_IN         0.460      0.033     14.147      0.000      0.040
    Y5_MATH_IN         0.481      0.037     12.972      0.000      0.050
    Y7_MATH_IN         0.463      0.034     13.517      0.000      0.049

 RI_MATH  BY
    Y3_MATH            0.835      0.009     89.516      0.000      0.239
    Y5_MATH            0.833      0.046     18.168      0.000      0.070
    Y7_MATH            0.874      0.028     31.648      0.000      0.074

 RI_MATH_ BY
    Y3_MATH_JU         0.648      0.025     26.176      0.000      0.192
    Y5_MATH_JU         0.611      0.024     25.250      0.000      0.128
    Y7_MATH_JU         0.591      0.025     24.063      0.000      0.226

 CX3      BY
    Y3_MATH_IN         0.888      0.017     52.634      0.000      0.040

 CX5      BY
    Y5_MATH_IN         0.877      0.020     43.087      0.000      0.050

 CX7      BY
    Y7_MATH_IN         0.886      0.018     49.461      0.000      0.049

 CY3      BY
    Y3_MATH            0.549      0.014     38.734      0.000      0.240

 CY5      BY
    Y5_MATH            0.553      0.070      7.915      0.000      0.069

 CY7      BY
    Y7_MATH            0.486      0.050      9.739      0.000      0.074

 CW3      BY
    Y3_MATH_JU         0.762      0.021     36.232      0.000      0.194

 CW5      BY
    Y5_MATH_JU         0.791      0.019     42.312      0.000      0.129

 CW7      BY
    Y7_MATH_JU         0.806      0.018     44.698      0.000      0.227

 CX7      ON
    CX5                0.143      0.038      3.808      0.000      0.110
    CY5                0.106      0.062      1.713      0.087      0.072
    CW5                0.079      0.031      2.539      0.011      0.232

 CX5      ON
    CX3                0.159      0.039      4.093      0.000      0.125
    CY3                0.110      0.051      2.169      0.030      0.083
    CW3                0.075      0.029      2.549      0.011      0.227

 CY7      ON
    CY5                0.205      0.189      1.085      0.278      0.073
    CX5                0.108      0.046      2.350      0.019      0.368
    CW5                0.124      0.045      2.739      0.006      0.401

 CY5      ON
    CY3                0.170      0.124      1.365      0.172      0.082
    CX3                0.096      0.039      2.436      0.015      0.412
    CW3                0.094      0.033      2.894      0.004      0.368

 CW7      ON
    CW5                0.160      0.039      4.115      0.000      0.271
    CX5                0.080      0.027      2.979      0.003      0.136
    CY5                0.115      0.063      1.822      0.069      0.073

 CW5      ON
    CW3                0.153      0.037      4.097      0.000      0.322
    CX3                0.089      0.029      3.024      0.002      0.134
    CY3                0.120      0.050      2.389      0.017      0.117

 RI_MATH_ WITH
    CX3                0.000      0.000      0.000      1.000      0.000
    CY3                0.000      0.000      0.000      1.000      0.000
    CW3                0.000      0.000      0.000      1.000      0.000
    CX5                0.000      0.000      0.000      1.000      0.000
    CY5                0.000      0.000      0.000      1.000      0.000
    CW7                0.000      0.000      0.000      1.000      0.000
    CX7                0.000      0.000      0.000      1.000      0.000

 RI_MATH  WITH
    CX3                0.000      0.000      0.000      1.000      0.000
    CY3                0.000      0.000      0.000      1.000      0.000
    CW3                0.000      0.000      0.000      1.000      0.000
    CX5                0.000      0.000      0.000      1.000      0.000
    CY5                0.000      0.000      0.000      1.000      0.000
    CW7                0.000      0.000      0.000      1.000      0.000
    CX7                0.000      0.000      0.000      1.000      0.000
    RI_MATH_IN         0.352      0.057      6.161      0.000      0.153

 RI_MATH_ WITH
    CX3                0.000      0.000      0.000      1.000      0.000
    CY3                0.000      0.000      0.000      1.000      0.000
    CW3                0.000      0.000      0.000      1.000      0.000
    CX5                0.000      0.000      0.000      1.000      0.000
    CY5                0.000      0.000      0.000      1.000      0.000
    CW7                0.000      0.000      0.000      1.000      0.000
    CX7                0.000      0.000      0.000      1.000      0.000
    RI_MATH_IN         0.497      0.061      8.191      0.000      0.152
    RI_MATH            0.768      0.028     27.228      0.000      0.152

 CX3      WITH
    CY3                0.011      0.036      0.295      0.768      0.317
    CW3                0.167      0.035      4.718      0.000      0.081

 CX5      WITH
    CY5                0.192      0.056      3.453      0.001      0.150
    CW5                0.197      0.036      5.495      0.000      0.236

 CX7      WITH
    CY7                0.217      0.038      5.716      0.000      0.302
    CW7                0.272      0.031      8.889      0.000      0.282

 CW3      WITH
    CY3                0.121      0.032      3.715      0.000      0.061

 CW5      WITH
    CY5                0.233      0.052      4.463      0.000      0.138

 CW7      WITH
    CY7                0.210      0.035      5.997      0.000      0.114

 Intercepts
    Y3_MATH            0.000      0.022      0.000      1.000      0.000
    Y5_MATH            0.000      0.022      0.000      1.000      0.000
    Y7_MATH            0.000      0.023      0.000      1.000      0.000
    Y3_MATH_IN         3.472      0.068     51.224      0.000      0.055
    Y5_MATH_IN         3.483      0.067     51.930      0.000      0.233
    Y7_MATH_IN         3.167      0.053     60.111      0.000      0.045
    Y3_MATH_JU         3.730      0.054     69.447      0.000      0.023
    Y5_MATH_JU         3.490      0.060     57.892      0.000      0.090
    Y7_MATH_JU         3.306      0.066     50.335      0.000      0.267

 Variances
    RI_MATH_IN         1.000      0.000  *********      0.000      0.000
    RI_MATH            1.000      0.000  *********      0.000      0.000
    RI_MATH_JU         1.000      0.000  *********      0.000      0.000
    CX3                1.000      0.000  *********      0.000      0.000
    CY3                1.000      0.000  *********      0.000      0.000
    CW3                1.000      0.000  *********      0.000      0.000

 Residual Variances
    Y3_MATH            0.000    999.000    999.000    999.000      0.000
    Y5_MATH            0.000    999.000    999.000    999.000      0.000
    Y7_MATH            0.000    999.000    999.000    999.000      0.000
    Y3_MATH_IN         0.000    999.000    999.000    999.000      0.000
    Y5_MATH_IN         0.000    999.000    999.000    999.000      0.000
    Y7_MATH_IN         0.000    999.000    999.000    999.000      0.000
    Y3_MATH_JU         0.000    999.000    999.000    999.000      0.000
    Y5_MATH_JU         0.000    999.000    999.000    999.000      0.000
    Y7_MATH_JU         0.000    999.000    999.000    999.000      0.000
    CX5                0.950      0.019     49.239      0.000      0.262
    CX7                0.944      0.028     34.255      0.000      0.202
    CY5                0.944      0.047     20.051      0.000      0.135
    CY7                0.897      0.113      7.906      0.000      0.103
    CW5                0.945      0.020     48.183      0.000      0.125
    CW7                0.935      0.031     30.353      0.000      0.060


R-SQUARE

    Observed                                        Two-Tailed   Rate of
    Variable        Estimate       S.E.  Est./S.E.    P-Value    Missing

    Y3_MATH            1.000    999.000    999.000    999.000      0.000
    Y5_MATH            1.000    999.000    999.000    999.000      0.000
    Y7_MATH            1.000    999.000    999.000    999.000      0.000
    Y3_MATH_           1.000    999.000    999.000    999.000      0.000
    Y5_MATH_           1.000    999.000    999.000    999.000      0.000
    Y7_MATH_           1.000    999.000    999.000    999.000      0.000
    Y3_MATH_           1.000    999.000    999.000    999.000      0.000
    Y5_MATH_           1.000    999.000    999.000    999.000      0.000
    Y7_MATH_           1.000    999.000    999.000    999.000      0.000

     Latent                                         Two-Tailed   Rate of
    Variable        Estimate       S.E.  Est./S.E.    P-Value    Missing

    CX5                0.050      0.019      2.594      0.009      0.262
    CX7                0.056      0.028      2.017      0.044      0.202
    CY5                0.056      0.047      1.182      0.237      0.135
    CY7                0.103      0.113      0.908      0.364      0.103
    CW5                0.055      0.020      2.815      0.005      0.125
    CW7                0.065      0.031      2.127      0.033      0.060


QUALITY OF NUMERICAL RESULTS

     Average Condition Number for the Information Matrix      0.239E-02
       (ratio of smallest to largest eigenvalue)


CONFIDENCE INTERVALS OF MODEL RESULTS

                  Lower .5%  Lower 2.5%    Lower 5%    Estimate    Upper 5%  Upper 2.5%   Upper .5%

 RI_MATH_ BY
    Y3_MATH_IN       1.000       1.000       1.000       1.000       1.000       1.000       1.000
    Y5_MATH_IN       1.000       1.000       1.000       1.000       1.000       1.000       1.000
    Y7_MATH_IN       1.000       1.000       1.000       1.000       1.000       1.000       1.000

 RI_MATH  BY
    Y3_MATH          1.000       1.000       1.000       1.000       1.000       1.000       1.000
    Y5_MATH          1.000       1.000       1.000       1.000       1.000       1.000       1.000
    Y7_MATH          1.000       1.000       1.000       1.000       1.000       1.000       1.000

 RI_MATH_ BY
    Y3_MATH_JU       1.000       1.000       1.000       1.000       1.000       1.000       1.000
    Y5_MATH_JU       1.000       1.000       1.000       1.000       1.000       1.000       1.000
    Y7_MATH_JU       1.000       1.000       1.000       1.000       1.000       1.000       1.000

 CX3      BY
    Y3_MATH_IN       1.000       1.000       1.000       1.000       1.000       1.000       1.000

 CX5      BY
    Y5_MATH_IN       1.000       1.000       1.000       1.000       1.000       1.000       1.000

 CX7      BY
    Y7_MATH_IN       1.000       1.000       1.000       1.000       1.000       1.000       1.000

 CY3      BY
    Y3_MATH          1.000       1.000       1.000       1.000       1.000       1.000       1.000

 CY5      BY
    Y5_MATH          1.000       1.000       1.000       1.000       1.000       1.000       1.000

 CY7      BY
    Y7_MATH          1.000       1.000       1.000       1.000       1.000       1.000       1.000

 CW3      BY
    Y3_MATH_JU       1.000       1.000       1.000       1.000       1.000       1.000       1.000

 CW5      BY
    Y5_MATH_JU       1.000       1.000       1.000       1.000       1.000       1.000       1.000

 CW7      BY
    Y7_MATH_JU       1.000       1.000       1.000       1.000       1.000       1.000       1.000

 CX7      ON
    CX5              0.052       0.076       0.088       0.150       0.213       0.225       0.249
    CY5             -0.026       0.009       0.026       0.118       0.210       0.228       0.262
    CW5             -0.001       0.014       0.021       0.059       0.098       0.105       0.119

 CX5      ON
    CX3              0.052       0.076       0.088       0.150       0.213       0.225       0.249
    CY3             -0.026       0.009       0.026       0.118       0.210       0.228       0.262
    CW3             -0.001       0.014       0.021       0.059       0.098       0.105       0.119

 CY7      ON
    CY5             -0.217      -0.124      -0.076       0.172       0.420       0.467       0.560
    CX5             -0.018       0.007       0.019       0.085       0.151       0.164       0.188
    CW5             -0.002       0.015       0.024       0.070       0.117       0.125       0.143

 CY5      ON
    CY3             -0.217      -0.124      -0.076       0.172       0.420       0.467       0.560
    CX3             -0.018       0.007       0.019       0.085       0.151       0.164       0.188
    CW3             -0.002       0.015       0.024       0.070       0.117       0.125       0.143

 CW7      ON
    CW5              0.063       0.088       0.101       0.168       0.235       0.248       0.273
    CX5              0.018       0.042       0.054       0.117       0.180       0.192       0.216
    CY5             -0.021       0.027       0.051       0.178       0.306       0.330       0.378

 CW5      ON
    CW3              0.063       0.088       0.101       0.168       0.235       0.248       0.273
    CX3              0.018       0.042       0.054       0.117       0.180       0.192       0.216
    CY3             -0.021       0.027       0.051       0.178       0.306       0.330       0.378

 RI_MATH_ WITH
    CX3              0.000       0.000       0.000       0.000       0.000       0.000       0.000
    CY3              0.000       0.000       0.000       0.000       0.000       0.000       0.000
    CW3              0.000       0.000       0.000       0.000       0.000       0.000       0.000
    CX5              0.000       0.000       0.000       0.000       0.000       0.000       0.000
    CY5              0.000       0.000       0.000       0.000       0.000       0.000       0.000
    CW7              0.000       0.000       0.000       0.000       0.000       0.000       0.000
    CX7              0.000       0.000       0.000       0.000       0.000       0.000       0.000

 RI_MATH  WITH
    CX3              0.000       0.000       0.000       0.000       0.000       0.000       0.000
    CY3              0.000       0.000       0.000       0.000       0.000       0.000       0.000
    CW3              0.000       0.000       0.000       0.000       0.000       0.000       0.000
    CX5              0.000       0.000       0.000       0.000       0.000       0.000       0.000
    CY5              0.000       0.000       0.000       0.000       0.000       0.000       0.000
    CW7              0.000       0.000       0.000       0.000       0.000       0.000       0.000
    CX7              0.000       0.000       0.000       0.000       0.000       0.000       0.000
    RI_MATH_IN       0.051       0.062       0.068       0.099       0.130       0.136       0.147

 RI_MATH_ WITH
    CX3              0.000       0.000       0.000       0.000       0.000       0.000       0.000
    CY3              0.000       0.000       0.000       0.000       0.000       0.000       0.000
    CW3              0.000       0.000       0.000       0.000       0.000       0.000       0.000
    CX5              0.000       0.000       0.000       0.000       0.000       0.000       0.000
    CY5              0.000       0.000       0.000       0.000       0.000       0.000       0.000
    CW7              0.000       0.000       0.000       0.000       0.000       0.000       0.000
    CX7              0.000       0.000       0.000       0.000       0.000       0.000       0.000
    RI_MATH_IN       0.061       0.072       0.078       0.106       0.135       0.140       0.151
    RI_MATH          0.353       0.370       0.379       0.424       0.469       0.477       0.494

 CX3      WITH
    CY3             -0.029      -0.021      -0.017       0.004       0.025       0.029       0.037
    CW3              0.033       0.045       0.050       0.081       0.111       0.117       0.128

 CX5      WITH
    CY5              0.002       0.017       0.024       0.062       0.100       0.107       0.121
    CW5              0.048       0.059       0.065       0.094       0.123       0.129       0.140

 CX7      WITH
    CY7              0.029       0.036       0.040       0.060       0.079       0.083       0.090
    CW7              0.100       0.110       0.115       0.142       0.169       0.174       0.184

 CW3      WITH
    CY3              0.013       0.022       0.027       0.051       0.076       0.081       0.090

 CW5      WITH
    CY5              0.016       0.037       0.048       0.104       0.161       0.172       0.193

 CW7      WITH
    CY7              0.041       0.050       0.055       0.080       0.106       0.111       0.120

 Intercepts
    Y3_MATH         -0.057      -0.043      -0.036       0.000       0.036       0.043       0.057
    Y5_MATH         -0.059      -0.045      -0.038       0.000       0.038       0.045       0.059
    Y7_MATH         -0.057      -0.044      -0.037       0.000       0.037       0.044       0.057
    Y3_MATH_         2.445       2.454       2.459       2.485       2.511       2.516       2.525
    Y5_MATH_         2.345       2.354       2.360       2.386       2.412       2.417       2.427
    Y7_MATH_         2.210       2.221       2.226       2.253       2.280       2.285       2.295
    Y3_MATH_         3.671       3.684       3.690       3.725       3.760       3.766       3.779
    Y5_MATH_         3.632       3.647       3.654       3.693       3.732       3.739       3.754
    Y7_MATH_         3.546       3.562       3.571       3.616       3.660       3.669       3.685

 Variances
    RI_MATH_         0.067       0.077       0.082       0.109       0.135       0.140       0.150
    RI_MATH          0.619       0.645       0.658       0.727       0.796       0.809       0.835
    RI_MATH_         0.330       0.351       0.362       0.418       0.475       0.486       0.507
    CX3              0.359       0.370       0.375       0.404       0.432       0.438       0.449
    CY3              0.263       0.275       0.282       0.314       0.347       0.353       0.366
    CW3              0.492       0.513       0.523       0.579       0.634       0.645       0.666

 Residual Variances
    Y3_MATH          0.000       0.000       0.000       0.000       0.000       0.000       0.000
    Y5_MATH          0.000       0.000       0.000       0.000       0.000       0.000       0.000
    Y7_MATH          0.000       0.000       0.000       0.000       0.000       0.000       0.000
    Y3_MATH_         0.000       0.000       0.000       0.000       0.000       0.000       0.000
    Y5_MATH_         0.000       0.000       0.000       0.000       0.000       0.000       0.000
    Y7_MATH_         0.000       0.000       0.000       0.000       0.000       0.000       0.000
    Y3_MATH_         0.000       0.000       0.000       0.000       0.000       0.000       0.000
    Y5_MATH_         0.000       0.000       0.000       0.000       0.000       0.000       0.000
    Y7_MATH_         0.000       0.000       0.000       0.000       0.000       0.000       0.000
    CX5              0.298       0.309       0.314       0.343       0.371       0.377       0.387
    CX7              0.337       0.346       0.351       0.375       0.400       0.405       0.414
    CY5              0.092       0.143       0.168       0.302       0.436       0.461       0.511
    CY7              0.146       0.159       0.166       0.201       0.237       0.243       0.257
    CW5              0.584       0.603       0.612       0.662       0.712       0.722       0.740
    CW7              0.646       0.665       0.675       0.727       0.779       0.789       0.808


CONFIDENCE INTERVALS OF STANDARDIZED MODEL RESULTS


STDYX Standardization

                  Lower .5%  Lower 2.5%    Lower 5%    Estimate    Upper 5%  Upper 2.5%   Upper .5%

 RI_MATH_ BY
    Y3_MATH_IN       0.377       0.397       0.407       0.460       0.514       0.524       0.544
    Y5_MATH_IN       0.385       0.408       0.420       0.481       0.542       0.554       0.576
    Y7_MATH_IN       0.375       0.396       0.407       0.463       0.520       0.530       0.552

 RI_MATH  BY
    Y3_MATH          0.811       0.817       0.820       0.835       0.851       0.854       0.860
    Y5_MATH          0.715       0.743       0.758       0.833       0.909       0.923       0.951
    Y7_MATH          0.803       0.820       0.829       0.874       0.919       0.928       0.945

 RI_MATH_ BY
    Y3_MATH_JU       0.584       0.599       0.607       0.648       0.688       0.696       0.711
    Y5_MATH_JU       0.549       0.564       0.571       0.611       0.651       0.659       0.674
    Y7_MATH_JU       0.528       0.543       0.551       0.591       0.632       0.640       0.655

 CX3      BY
    Y3_MATH_IN       0.844       0.855       0.860       0.888       0.915       0.921       0.931

 CX5      BY
    Y5_MATH_IN       0.824       0.837       0.843       0.877       0.910       0.917       0.929

 CX7      BY
    Y7_MATH_IN       0.840       0.851       0.857       0.886       0.916       0.921       0.932

 CY3      BY
    Y3_MATH          0.513       0.522       0.526       0.549       0.573       0.577       0.586

 CY5      BY
    Y5_MATH          0.373       0.416       0.438       0.553       0.667       0.689       0.732

 CY7      BY
    Y7_MATH          0.357       0.388       0.404       0.486       0.568       0.583       0.614

 CW3      BY
    Y3_MATH_JU       0.708       0.721       0.727       0.762       0.796       0.803       0.816

 CW5      BY
    Y5_MATH_JU       0.743       0.755       0.761       0.791       0.822       0.828       0.840

 CW7      BY
    Y7_MATH_JU       0.760       0.771       0.777       0.806       0.836       0.842       0.853

 CX7      ON
    CX5              0.046       0.070       0.081       0.143       0.205       0.217       0.240
    CY5             -0.054      -0.015       0.004       0.106       0.208       0.228       0.266
    CW5             -0.001       0.018       0.028       0.079       0.130       0.139       0.159

 CX5      ON
    CX3              0.059       0.083       0.095       0.159       0.223       0.235       0.259
    CY3             -0.021       0.011       0.027       0.110       0.194       0.210       0.242
    CW3             -0.001       0.017       0.027       0.075       0.123       0.133       0.151

 CY7      ON
    CY5             -0.282      -0.166      -0.106       0.205       0.517       0.576       0.693
    CX5             -0.010       0.018       0.032       0.108       0.183       0.198       0.226
    CW5              0.007       0.035       0.050       0.124       0.199       0.213       0.241

 CY5      ON
    CY3             -0.150      -0.074      -0.035       0.170       0.374       0.413       0.489
    CX3             -0.006       0.019       0.031       0.096       0.160       0.173       0.197
    CW3              0.010       0.030       0.041       0.094       0.148       0.158       0.178

 CW7      ON
    CW5              0.060       0.084       0.096       0.160       0.223       0.235       0.259
    CX5              0.011       0.027       0.036       0.080       0.124       0.132       0.149
    CY5             -0.047      -0.009       0.011       0.115       0.218       0.238       0.276

 CW5      ON
    CW3              0.057       0.080       0.091       0.153       0.214       0.226       0.249
    CX3              0.013       0.031       0.041       0.089       0.137       0.147       0.165
    CY3             -0.009       0.021       0.037       0.120       0.202       0.218       0.249

 RI_MATH_ WITH
    CX3              0.000       0.000       0.000       0.000       0.000       0.000       0.000
    CY3              0.000       0.000       0.000       0.000       0.000       0.000       0.000
    CW3              0.000       0.000       0.000       0.000       0.000       0.000       0.000
    CX5              0.000       0.000       0.000       0.000       0.000       0.000       0.000
    CY5              0.000       0.000       0.000       0.000       0.000       0.000       0.000
    CW7              0.000       0.000       0.000       0.000       0.000       0.000       0.000
    CX7              0.000       0.000       0.000       0.000       0.000       0.000       0.000

 RI_MATH  WITH
    CX3              0.000       0.000       0.000       0.000       0.000       0.000       0.000
    CY3              0.000       0.000       0.000       0.000       0.000       0.000       0.000
    CW3              0.000       0.000       0.000       0.000       0.000       0.000       0.000
    CX5              0.000       0.000       0.000       0.000       0.000       0.000       0.000
    CY5              0.000       0.000       0.000       0.000       0.000       0.000       0.000
    CW7              0.000       0.000       0.000       0.000       0.000       0.000       0.000
    CX7              0.000       0.000       0.000       0.000       0.000       0.000       0.000
    RI_MATH_IN       0.205       0.240       0.258       0.352       0.446       0.464       0.499

 RI_MATH_ WITH
    CX3              0.000       0.000       0.000       0.000       0.000       0.000       0.000
    CY3              0.000       0.000       0.000       0.000       0.000       0.000       0.000
    CW3              0.000       0.000       0.000       0.000       0.000       0.000       0.000
    CX5              0.000       0.000       0.000       0.000       0.000       0.000       0.000
    CY5              0.000       0.000       0.000       0.000       0.000       0.000       0.000
    CW7              0.000       0.000       0.000       0.000       0.000       0.000       0.000
    CX7              0.000       0.000       0.000       0.000       0.000       0.000       0.000
    RI_MATH_IN       0.341       0.378       0.398       0.497       0.597       0.616       0.654
    RI_MATH          0.696       0.713       0.722       0.768       0.815       0.824       0.841

 CX3      WITH
    CY3             -0.082      -0.060      -0.049       0.011       0.070       0.081       0.103
    CW3              0.076       0.097       0.109       0.167       0.225       0.236       0.258

 CX5      WITH
    CY5              0.049       0.083       0.100       0.192       0.283       0.301       0.335
    CW5              0.105       0.127       0.138       0.197       0.256       0.268       0.290

 CX7      WITH
    CY7              0.119       0.142       0.154       0.217       0.279       0.291       0.314
    CW7              0.193       0.212       0.222       0.272       0.322       0.332       0.351

 CW3      WITH
    CY3              0.037       0.057       0.067       0.121       0.174       0.184       0.204

 CW5      WITH
    CY5              0.099       0.131       0.147       0.233       0.319       0.336       0.368

 CW7      WITH
    CY7              0.120       0.141       0.152       0.210       0.268       0.279       0.300

 Intercepts
    Y3_MATH         -0.056      -0.043      -0.036       0.000       0.036       0.043       0.056
    Y5_MATH         -0.057      -0.044      -0.037       0.000       0.037       0.044       0.057
    Y7_MATH         -0.059      -0.045      -0.038       0.000       0.038       0.045       0.059
    Y3_MATH_         3.297       3.339       3.360       3.472       3.583       3.605       3.646
    Y5_MATH_         3.310       3.351       3.372       3.483       3.593       3.614       3.655
    Y7_MATH_         3.032       3.064       3.081       3.167       3.254       3.271       3.303
    Y3_MATH_         3.592       3.625       3.642       3.730       3.819       3.836       3.869
    Y5_MATH_         3.335       3.372       3.391       3.490       3.590       3.609       3.646
    Y7_MATH_         3.137       3.177       3.198       3.306       3.414       3.435       3.475

 Variances
    RI_MATH_         1.000       1.000       1.000       1.000       1.000       1.000       1.000
    RI_MATH          1.000       1.000       1.000       1.000       1.000       1.000       1.000
    RI_MATH_         1.000       1.000       1.000       1.000       1.000       1.000       1.000
    CX3              1.000       1.000       1.000       1.000       1.000       1.000       1.000
    CY3              1.000       1.000       1.000       1.000       1.000       1.000       1.000
    CW3              1.000       1.000       1.000       1.000       1.000       1.000       1.000

 Residual Variances
    Y3_MATH        999.000     999.000     999.000       0.000     999.000     999.000     999.000
    Y5_MATH        999.000     999.000     999.000       0.000     999.000     999.000     999.000
    Y7_MATH        999.000     999.000     999.000       0.000     999.000     999.000     999.000
    Y3_MATH_       999.000     999.000     999.000       0.000     999.000     999.000     999.000
    Y5_MATH_       999.000     999.000     999.000       0.000     999.000     999.000     999.000
    Y7_MATH_       999.000     999.000     999.000       0.000     999.000     999.000     999.000
    Y3_MATH_       999.000     999.000     999.000       0.000     999.000     999.000     999.000
    Y5_MATH_       999.000     999.000     999.000       0.000     999.000     999.000     999.000
    Y7_MATH_       999.000     999.000     999.000       0.000     999.000     999.000     999.000
    CX5              0.900       0.912       0.918       0.950       0.982       0.988       1.000
    CX7              0.873       0.890       0.899       0.944       0.990       0.998       1.015
    CY5              0.823       0.852       0.867       0.944       1.022       1.037       1.066
    CY7              0.605       0.675       0.710       0.897       1.084       1.119       1.189
    CW5              0.894       0.906       0.913       0.945       0.977       0.983       0.995
    CW7              0.855       0.874       0.884       0.935       0.985       0.995       1.014


TECHNICAL 1 OUTPUT


     PARAMETER SPECIFICATION


           NU
              Y3_MATH       Y5_MATH       Y7_MATH       Y3_MATH_      Y5_MATH_
              ________      ________      ________      ________      ________
                  1             2             3             4             5


           NU
              Y7_MATH_      Y3_MATH_      Y5_MATH_      Y7_MATH_
              ________      ________      ________      ________
                  6             7             8             9


           LAMBDA
              RI_MATH_      RI_MATH       RI_MATH_      CX3           CX5
              ________      ________      ________      ________      ________
 Y3_MATH            0             0             0             0             0
 Y5_MATH            0             0             0             0             0
 Y7_MATH            0             0             0             0             0
 Y3_MATH_           0             0             0             0             0
 Y5_MATH_           0             0             0             0             0
 Y7_MATH_           0             0             0             0             0
 Y3_MATH_           0             0             0             0             0
 Y5_MATH_           0             0             0             0             0
 Y7_MATH_           0             0             0             0             0


           LAMBDA
              CX7           CY3           CY5           CY7           CW3
              ________      ________      ________      ________      ________
 Y3_MATH            0             0             0             0             0
 Y5_MATH            0             0             0             0             0
 Y7_MATH            0             0             0             0             0
 Y3_MATH_           0             0             0             0             0
 Y5_MATH_           0             0             0             0             0
 Y7_MATH_           0             0             0             0             0
 Y3_MATH_           0             0             0             0             0
 Y5_MATH_           0             0             0             0             0
 Y7_MATH_           0             0             0             0             0


           LAMBDA
              CW5           CW7
              ________      ________
 Y3_MATH            0             0
 Y5_MATH            0             0
 Y7_MATH            0             0
 Y3_MATH_           0             0
 Y5_MATH_           0             0
 Y7_MATH_           0             0
 Y3_MATH_           0             0
 Y5_MATH_           0             0
 Y7_MATH_           0             0


           THETA
              Y3_MATH       Y5_MATH       Y7_MATH       Y3_MATH_      Y5_MATH_
              ________      ________      ________      ________      ________
 Y3_MATH            0
 Y5_MATH            0             0
 Y7_MATH            0             0             0
 Y3_MATH_           0             0             0             0
 Y5_MATH_           0             0             0             0             0
 Y7_MATH_           0             0             0             0             0
 Y3_MATH_           0             0             0             0             0
 Y5_MATH_           0             0             0             0             0
 Y7_MATH_           0             0             0             0             0


           THETA
              Y7_MATH_      Y3_MATH_      Y5_MATH_      Y7_MATH_
              ________      ________      ________      ________
 Y7_MATH_           0
 Y3_MATH_           0             0
 Y5_MATH_           0             0             0
 Y7_MATH_           0             0             0             0


           ALPHA
              RI_MATH_      RI_MATH       RI_MATH_      CX3           CX5
              ________      ________      ________      ________      ________
                  0             0             0             0             0


           ALPHA
              CX7           CY3           CY5           CY7           CW3
              ________      ________      ________      ________      ________
                  0             0             0             0             0


           ALPHA
              CW5           CW7
              ________      ________
                  0             0


           BETA
              RI_MATH_      RI_MATH       RI_MATH_      CX3           CX5
              ________      ________      ________      ________      ________
 RI_MATH_           0             0             0             0             0
 RI_MATH            0             0             0             0             0
 RI_MATH_           0             0             0             0             0
 CX3                0             0             0             0             0
 CX5                0             0             0            10             0
 CX7                0             0             0             0            10
 CY3                0             0             0             0             0
 CY5                0             0             0            13             0
 CY7                0             0             0             0            13
 CW3                0             0             0             0             0
 CW5                0             0             0            16             0
 CW7                0             0             0             0            16


           BETA
              CX7           CY3           CY5           CY7           CW3
              ________      ________      ________      ________      ________
 RI_MATH_           0             0             0             0             0
 RI_MATH            0             0             0             0             0
 RI_MATH_           0             0             0             0             0
 CX3                0             0             0             0             0
 CX5                0            11             0             0            12
 CX7                0             0            11             0             0
 CY3                0             0             0             0             0
 CY5                0            14             0             0            15
 CY7                0             0            14             0             0
 CW3                0             0             0             0             0
 CW5                0            17             0             0            18
 CW7                0             0            17             0             0


           BETA
              CW5           CW7
              ________      ________
 RI_MATH_           0             0
 RI_MATH            0             0
 RI_MATH_           0             0
 CX3                0             0
 CX5                0             0
 CX7               12             0
 CY3                0             0
 CY5                0             0
 CY7               15             0
 CW3                0             0
 CW5                0             0
 CW7               18             0


           PSI
              RI_MATH_      RI_MATH       RI_MATH_      CX3           CX5
              ________      ________      ________      ________      ________
 RI_MATH_          19
 RI_MATH           20            21
 RI_MATH_          22            23            24
 CX3                0             0             0            25
 CX5                0             0             0             0            26
 CX7                0             0             0             0             0
 CY3                0             0             0            28             0
 CY5                0             0             0             0            30
 CY7                0             0             0             0             0
 CW3                0             0             0            34             0
 CW5                0             0             0             0            37
 CW7                0             0             0             0             0


           PSI
              CX7           CY3           CY5           CY7           CW3
              ________      ________      ________      ________      ________
 CX7               27
 CY3                0            29
 CY5                0             0            31
 CY7               32             0             0            33
 CW3                0            35             0             0            36
 CW5                0             0            38             0             0
 CW7               40             0             0            41             0


           PSI
              CW5           CW7
              ________      ________
 CW5               39
 CW7                0            42


     STARTING VALUES


           NU
              Y3_MATH       Y5_MATH       Y7_MATH       Y3_MATH_      Y5_MATH_
              ________      ________      ________      ________      ________
                0.000         0.000         0.000         2.482         2.393


           NU
              Y7_MATH_      Y3_MATH_      Y5_MATH_      Y7_MATH_
              ________      ________      ________      ________
                2.247         3.725         3.696         3.618


           LAMBDA
              RI_MATH_      RI_MATH       RI_MATH_      CX3           CX5
              ________      ________      ________      ________      ________
 Y3_MATH        0.000         1.000         0.000         0.000         0.000
 Y5_MATH        0.000         1.000         0.000         0.000         0.000
 Y7_MATH        0.000         1.000         0.000         0.000         0.000
 Y3_MATH_       1.000         0.000         0.000         1.000         0.000
 Y5_MATH_       1.000         0.000         0.000         0.000         1.000
 Y7_MATH_       1.000         0.000         0.000         0.000         0.000
 Y3_MATH_       0.000         0.000         1.000         0.000         0.000
 Y5_MATH_       0.000         0.000         1.000         0.000         0.000
 Y7_MATH_       0.000         0.000         1.000         0.000         0.000


           LAMBDA
              CX7           CY3           CY5           CY7           CW3
              ________      ________      ________      ________      ________
 Y3_MATH        0.000         1.000         0.000         0.000         0.000
 Y5_MATH        0.000         0.000         1.000         0.000         0.000
 Y7_MATH        0.000         0.000         0.000         1.000         0.000
 Y3_MATH_       0.000         0.000         0.000         0.000         0.000
 Y5_MATH_       0.000         0.000         0.000         0.000         0.000
 Y7_MATH_       1.000         0.000         0.000         0.000         0.000
 Y3_MATH_       0.000         0.000         0.000         0.000         1.000
 Y5_MATH_       0.000         0.000         0.000         0.000         0.000
 Y7_MATH_       0.000         0.000         0.000         0.000         0.000


           LAMBDA
              CW5           CW7
              ________      ________
 Y3_MATH        0.000         0.000
 Y5_MATH        0.000         0.000
 Y7_MATH        0.000         0.000
 Y3_MATH_       0.000         0.000
 Y5_MATH_       0.000         0.000
 Y7_MATH_       0.000         0.000
 Y3_MATH_       0.000         0.000
 Y5_MATH_       1.000         0.000
 Y7_MATH_       0.000         1.000


           THETA
              Y3_MATH       Y5_MATH       Y7_MATH       Y3_MATH_      Y5_MATH_
              ________      ________      ________      ________      ________
 Y3_MATH        0.000
 Y5_MATH        0.000         0.000
 Y7_MATH        0.000         0.000         0.000
 Y3_MATH_       0.000         0.000         0.000         0.000
 Y5_MATH_       0.000         0.000         0.000         0.000         0.000
 Y7_MATH_       0.000         0.000         0.000         0.000         0.000
 Y3_MATH_       0.000         0.000         0.000         0.000         0.000
 Y5_MATH_       0.000         0.000         0.000         0.000         0.000
 Y7_MATH_       0.000         0.000         0.000         0.000         0.000


           THETA
              Y7_MATH_      Y3_MATH_      Y5_MATH_      Y7_MATH_
              ________      ________      ________      ________
 Y7_MATH_       0.000
 Y3_MATH_       0.000         0.000
 Y5_MATH_       0.000         0.000         0.000
 Y7_MATH_       0.000         0.000         0.000         0.000


           ALPHA
              RI_MATH_      RI_MATH       RI_MATH_      CX3           CX5
              ________      ________      ________      ________      ________
                0.000         0.000         0.000         0.000         0.000


           ALPHA
              CX7           CY3           CY5           CY7           CW3
              ________      ________      ________      ________      ________
                0.000         0.000         0.000         0.000         0.000


           ALPHA
              CW5           CW7
              ________      ________
                0.000         0.000


           BETA
              RI_MATH_      RI_MATH       RI_MATH_      CX3           CX5
              ________      ________      ________      ________      ________
 RI_MATH_       0.000         0.000         0.000         0.000         0.000
 RI_MATH        0.000         0.000         0.000         0.000         0.000
 RI_MATH_       0.000         0.000         0.000         0.000         0.000
 CX3            0.000         0.000         0.000         0.000         0.000
 CX5            0.000         0.000         0.000         0.000         0.000
 CX7            0.000         0.000         0.000         0.000         0.000
 CY3            0.000         0.000         0.000         0.000         0.000
 CY5            0.000         0.000         0.000         0.000         0.000
 CY7            0.000         0.000         0.000         0.000         0.000
 CW3            0.000         0.000         0.000         0.000         0.000
 CW5            0.000         0.000         0.000         0.000         0.000
 CW7            0.000         0.000         0.000         0.000         0.000


           BETA
              CX7           CY3           CY5           CY7           CW3
              ________      ________      ________      ________      ________
 RI_MATH_       0.000         0.000         0.000         0.000         0.000
 RI_MATH        0.000         0.000         0.000         0.000         0.000
 RI_MATH_       0.000         0.000         0.000         0.000         0.000
 CX3            0.000         0.000         0.000         0.000         0.000
 CX5            0.000         0.000         0.000         0.000         0.000
 CX7            0.000         0.000         0.000         0.000         0.000
 CY3            0.000         0.000         0.000         0.000         0.000
 CY5            0.000         0.000         0.000         0.000         0.000
 CY7            0.000         0.000         0.000         0.000         0.000
 CW3            0.000         0.000         0.000         0.000         0.000
 CW5            0.000         0.000         0.000         0.000         0.000
 CW7            0.000         0.000         0.000         0.000         0.000


           BETA
              CW5           CW7
              ________      ________
 RI_MATH_       0.000         0.000
 RI_MATH        0.000         0.000
 RI_MATH_       0.000         0.000
 CX3            0.000         0.000
 CX5            0.000         0.000
 CX7            0.000         0.000
 CY3            0.000         0.000
 CY5            0.000         0.000
 CY7            0.000         0.000
 CW3            0.000         0.000
 CW5            0.000         0.000
 CW7            0.000         0.000


           PSI
              RI_MATH_      RI_MATH       RI_MATH_      CX3           CX5
              ________      ________      ________      ________      ________
 RI_MATH_       0.050
 RI_MATH        0.000         0.050
 RI_MATH_       0.000         0.000         0.050
 CX3            0.000         0.000         0.000         0.050
 CX5            0.000         0.000         0.000         0.000         0.050
 CX7            0.000         0.000         0.000         0.000         0.000
 CY3            0.000         0.000         0.000         0.000         0.000
 CY5            0.000         0.000         0.000         0.000         0.000
 CY7            0.000         0.000         0.000         0.000         0.000
 CW3            0.000         0.000         0.000         0.000         0.000
 CW5            0.000         0.000         0.000         0.000         0.000
 CW7            0.000         0.000         0.000         0.000         0.000


           PSI
              CX7           CY3           CY5           CY7           CW3
              ________      ________      ________      ________      ________
 CX7            0.050
 CY3            0.000         0.050
 CY5            0.000         0.000         0.050
 CY7            0.000         0.000         0.000         0.050
 CW3            0.000         0.000         0.000         0.000         0.050
 CW5            0.000         0.000         0.000         0.000         0.000
 CW7            0.000         0.000         0.000         0.000         0.000


           PSI
              CW5           CW7
              ________      ________
 CW5            0.050
 CW7            0.000         0.050


     Beginning Time:  16:29:11
        Ending Time:  16:29:12
       Elapsed Time:  00:00:01



MUTHEN & MUTHEN
3463 Stoner Ave.
Los Angeles, CA  90066

Tel: (310) 391-9971
Fax: (310) 391-8971
Web: www.StatModel.com
Support: Support@StatModel.com

Copyright (c) 1998-2019 Muthen & Muthen
