Mplus VERSION 8.4 (Mac)
MUTHEN & MUTHEN
09/06/2020   4:57 PM

INPUT INSTRUCTIONS

  TITLE: Mediation Mod for Reading: Free Cross Paths Lag 2
  DATA: FILE = "../../data/mplus_imp.txt";
  TYPE = IMPUTATION;
  VARIABLE:
  NAMES = y3_weight y3_math_interest y3_math_judgement y5_math_interest
       y5_math_judgement y7_math_interest y7_math_judgement y3_math y5_math y7_math
       y3_math_sch y5_math_sch y7_math_sch y3_r_int y3_r_judge
       y5_r_int y5_r_judge y7_r_int y7_r_judge y3_read
       y5_read y7_read y3_read_sch y5_read_sch y7_read_sch gender ses geo indig lang
       y3_sid;
  MISSING=.;

  USEVARIABLES ARE  y3_r_judge y5_r_judge y7_r_judge
  				  y3_r_int y5_r_int y7_r_int
  				  y3_read y5_read y7_read
  				  gender ses geo indig lang;

  WEIGHT ARE y3_weight;

  CLUSTER y3_sid;

  CATEGORICAL ARE
  	y5_r_judge y7_r_judge
  	y5_r_int y7_r_int;

  DEFINE:
  STANDARDIZEses;

  DEFINE:
  STANDARDIZE ses y3_read y5_read y7_read y3_r_judge y3_r_int;

  ANALYSIS: ESTIMATOR = WLSMV; TYPE = COMPLEX; PARAMETERIZATION = THETA;

  MODEL:
  y7_r_judge ON y5_r_judge y5_r_int y5_read;
  y7_r_int  ON y5_r_judge y5_r_int y5_read;
  y7_read           ON y5_r_judge y5_r_int y5_read;

  y5_r_judge ON y3_r_judge y3_r_int y3_read;
  y5_r_int  ON y3_r_judge y3_r_int y3_read;
  y5_read           ON y3_r_judge y3_r_int y3_read;

  y7_r_judge ON y3_r_judge;
  y7_r_int  ON y3_r_int;
  y7_read           ON y3_read;

  y7_r_judge y7_r_int y7_read WITH
  	y7_r_judge y7_r_int y7_read;

  y5_r_judge y5_r_int y5_read WITH
  	y5_r_judge y5_r_int y5_read;

  y3_r_judge y3_r_int y3_read WITH
  	y3_r_judge y3_r_int y3_read;

  y3_r_judge-y7_read ON gender ses geo indig lang;


  MODEL INDIRECT:
  y5_read IND gender;
  y7_read IND gender;

  OUTPUT: stdyx; CINTERVAL; MODINDICES;



*** WARNING in VARIABLE command
  Note that only the first 8 characters of variable names are used in the output.
  Shorten variable names to avoid any confusion.
*** WARNING in OUTPUT command
  MODINDICES option is not available for multiple imputation.
  Request for MODINDICES is ignored.
   2 WARNING(S) FOUND IN THE INPUT INSTRUCTIONS



Mediation Mod for Reading: Free Cross Paths Lag 2

SUMMARY OF ANALYSIS

Number of groups                                                 1
Average number of observations                                2664

Number of replications
    Requested                                                    5
    Completed                                                    5

Number of dependent variables                                    9
Number of independent variables                                  5
Number of continuous latent variables                            0

Observed dependent variables

  Continuous
   Y3_R_JUDGE  Y3_R_INT    Y3_READ     Y5_READ     Y7_READ

  Binary and ordered categorical (ordinal)
   Y5_R_JUD    Y7_R_JUD    Y5_R_INT    Y7_R_INT

Observed independent variables
   GENDER      SES         GEO         INDIG       LANG

Variables with special functions

  Cluster variable      Y3_SID
  Weight variable       Y3_WEIGH

Estimator                                                    WLSMV
Maximum number of iterations                                  1000
Convergence criterion                                    0.500D-04
Maximum number of steepest descent iterations                   20
Maximum number of iterations for H1                           2000
Convergence criterion for H1                             0.100D-03
Parameterization                                             THETA
Link                                                        PROBIT

Input data file(s)
  Multiple data files from
    ../../data/mplus_imp.txt

Input data format  FREE


SUMMARY OF DATA FOR THE FIRST DATA SET

     Number of missing data patterns             1
     Number of clusters                       1639



SUMMARY OF MISSING DATA PATTERNS FOR THE FIRST DATA SET


     MISSING DATA PATTERNS (x = not missing)

           1
 Y3_R_JUD  x
 Y5_R_JUD  x
 Y7_R_JUD  x
 Y3_R_INT  x
 Y5_R_INT  x
 Y7_R_INT  x
 Y3_READ   x
 Y5_READ   x
 Y7_READ   x


     MISSING DATA PATTERN FREQUENCIES

    Pattern   Frequency
          1        2664


COVARIANCE COVERAGE OF DATA FOR THE FIRST DATA SET

Minimum covariance coverage value   0.100


     PROPORTION OF DATA PRESENT


           Covariance Coverage
              Y3_R_JUD      Y5_R_JUD      Y7_R_JUD      Y3_R_INT      Y5_R_INT
              ________      ________      ________      ________      ________
 Y3_R_JUD       1.000
 Y5_R_JUD       1.000         1.000
 Y7_R_JUD       1.000         1.000         1.000
 Y3_R_INT       1.000         1.000         1.000         1.000
 Y5_R_INT       1.000         1.000         1.000         1.000         1.000
 Y7_R_INT       1.000         1.000         1.000         1.000         1.000
 Y3_READ        1.000         1.000         1.000         1.000         1.000
 Y5_READ        1.000         1.000         1.000         1.000         1.000
 Y7_READ        1.000         1.000         1.000         1.000         1.000


           Covariance Coverage
              Y7_R_INT      Y3_READ       Y5_READ       Y7_READ
              ________      ________      ________      ________
 Y7_R_INT       1.000
 Y3_READ        1.000         1.000
 Y5_READ        1.000         1.000         1.000
 Y7_READ        1.000         1.000         1.000         1.000


UNIVARIATE PROPORTIONS FOR CATEGORICAL VARIABLES

NOTE:  These are average results over 5 data sets.

    Y5_R_JUD
      Category 1    0.024
      Category 2    0.080
      Category 3    0.272
      Category 4    0.266
      Category 5    0.359
    Y7_R_JUD
      Category 1    0.030
      Category 2    0.096
      Category 3    0.350
      Category 4    0.280
      Category 5    0.244
    Y5_R_INT
      Category 1    0.091
      Category 2    0.365
      Category 3    0.544
    Y7_R_INT
      Category 1    0.135
      Category 2    0.446
      Category 3    0.419


SAMPLE STATISTICS

NOTE:  These are average results over 5 data sets.


     ESTIMATED SAMPLE STATISTICS


           Means/Intercepts/Thresholds
              Y3_R_JUD      Y5_R_JUD      Y5_R_JUD      Y5_R_JUD      Y5_R_JUD
              ________      ________      ________      ________      ________
                0.304        -2.374        -1.636        -0.675         0.012


           Means/Intercepts/Thresholds
              Y7_R_JUD      Y7_R_JUD      Y7_R_JUD      Y7_R_JUD      Y3_R_INT
              ________      ________      ________      ________      ________
               -2.256        -1.495        -0.371         0.407         0.314


           Means/Intercepts/Thresholds
              Y5_R_INT      Y5_R_INT      Y7_R_INT      Y7_R_INT      Y3_READ
              ________      ________      ________      ________      ________
               -1.761        -0.491        -1.343         0.000         0.118


           Means/Intercepts/Thresholds
              Y5_READ       Y7_READ
              ________      ________
                0.137         0.115


           Slopes
              GENDER        SES           GEO           INDIG         LANG
              ________      ________      ________      ________      ________
 Y3_R_JUD      -0.272         0.101        -0.039         0.138        -0.167
 Y5_R_JUD      -0.249         0.082        -0.070        -0.236        -0.208
 Y7_R_JUD      -0.303         0.175         0.011        -0.377        -0.183
 Y3_R_INT      -0.432         0.018         0.073         0.293        -0.171
 Y5_R_INT      -0.479         0.067         0.056         0.020        -0.198
 Y7_R_INT      -0.335         0.139         0.049         0.026        -0.083
 Y3_READ       -0.264         0.325         0.046        -0.556         0.003
 Y5_READ       -0.283         0.333         0.072        -0.460        -0.032
 Y7_READ       -0.279         0.372         0.046        -0.553         0.015


           Covariances/Correlations/Residual Correlations
              Y3_R_JUD      Y5_R_JUD      Y7_R_JUD      Y3_R_INT      Y5_R_INT
              ________      ________      ________      ________      ________
 Y3_R_JUD       0.968
 Y5_R_JUD       0.596
 Y7_R_JUD       0.498         0.515
 Y3_R_INT       0.171         0.141         0.149         0.944
 Y5_R_INT       0.262         0.270         0.258         0.255
 Y7_R_INT       0.211         0.229         0.309         0.179         0.355
 Y3_READ        0.525         0.527         0.436         0.130         0.237
 Y5_READ        0.480         0.499         0.440         0.116         0.229
 Y7_READ        0.445         0.498         0.449         0.116         0.244


           Covariances/Correlations/Residual Correlations
              Y7_R_INT      Y3_READ       Y5_READ       Y7_READ
              ________      ________      ________      ________
 Y7_R_INT
 Y3_READ        0.184         0.861
 Y5_READ        0.227         0.684         0.854
 Y7_READ        0.243         0.669         0.743         0.825


MODEL FIT INFORMATION

Number of Free Parameters                       97

Chi-Square Test of Model Fit

        Degrees of freedom                       6

        Mean                                14.336
        Std Dev                              1.956
        Number of successful computations        5

             Proportions                   Percentiles
        Expected    Observed         Expected       Observed
           0.990       1.000            0.872         12.402
           0.980       1.000            1.134         12.402
           0.950       1.000            1.635         12.402
           0.900       1.000            2.204         12.402
           0.800       1.000            3.070         12.402
           0.700       1.000            3.828         12.402
           0.500       1.000            5.348         12.430
           0.300       1.000            7.231         14.295
           0.200       1.000            8.558         14.823
           0.100       1.000           10.645         14.823
           0.050       0.600           12.592         14.823
           0.020       0.200           15.033         14.823
           0.010       0.200           16.812         14.823

RMSEA (Root Mean Square Error Of Approximation)

        Mean                                 0.023
        Std Dev                              0.003
        Number of successful computations        5

        Cumulative Distribution Function
           Value    Function Value
           0.990       1.000
           0.980       1.000
           0.950       1.000
           0.900       1.000
           0.800       1.000
           0.700       1.000
           0.500       1.000
           0.300       1.000
           0.200       1.000
           0.100       1.000
           0.050       1.000
           0.020       0.000
           0.010       0.000

CFI/TLI

    CFI

        Mean                                 0.999
        Std Dev                              0.000
        Number of successful computations        5

        Cumulative Distribution Function
           Value    Function Value
           0.990       0.000
           0.980       0.000
           0.950       0.000
           0.900       0.000
           0.800       0.000
           0.700       0.000
           0.500       0.000
           0.300       0.000
           0.200       0.000
           0.100       0.000
           0.050       0.000
           0.020       0.000
           0.010       0.000

    TLI

        Mean                                 0.985
        Std Dev                              0.003
        Number of successful computations        5

        Cumulative Distribution Function
           Value    Function Value
           0.990       1.000
           0.980       0.200
           0.950       0.000
           0.900       0.000
           0.800       0.000
           0.700       0.000
           0.500       0.000
           0.300       0.000
           0.200       0.000
           0.100       0.000
           0.050       0.000
           0.020       0.000
           0.010       0.000

SRMR (Standardized Root Mean Square Residual)

        Mean                                 0.004
        Std Dev                              0.000
        Number of successful computations        5

        Cumulative Distribution Function
           Value    Function Value
           0.990       1.000
           0.980       1.000
           0.950       1.000
           0.900       1.000
           0.800       1.000
           0.700       1.000
           0.500       1.000
           0.300       1.000
           0.200       1.000
           0.100       1.000
           0.050       1.000
           0.020       1.000
           0.010       1.000


MODEL RESULTS

                                                    Two-Tailed   Rate of
                    Estimate       S.E.  Est./S.E.    P-Value    Missing

 Y7_R_JUD ON
    Y5_R_JUDGE         0.246      0.028      8.636      0.000      0.277
    Y5_R_INT           0.104      0.028      3.696      0.000      0.080
    Y5_READ            0.255      0.035      7.297      0.000      0.274
    Y3_R_JUDGE         0.309      0.034      9.090      0.000      0.194
    GENDER            -0.090      0.063     -1.438      0.150      0.411
    SES                0.069      0.027      2.547      0.011      0.055
    GEO                0.024      0.058      0.414      0.679      0.206
    INDIG             -0.325      0.229     -1.419      0.156      0.379
    LANG              -0.080      0.088     -0.913      0.361      0.243

 Y7_R_INT ON
    Y5_R_JUDGE         0.079      0.026      3.088      0.002      0.015
    Y5_R_INT           0.292      0.035      8.391      0.000      0.338
    Y5_READ            0.119      0.036      3.352      0.001      0.178
    Y3_R_INT           0.091      0.029      3.158      0.002      0.258
    GENDER            -0.117      0.065     -1.810      0.070      0.398
    SES                0.081      0.030      2.679      0.007      0.145
    GEO                0.028      0.057      0.499      0.618      0.143
    INDIG              0.075      0.205      0.367      0.714      0.302
    LANG               0.013      0.110      0.117      0.907      0.428

 Y7_READ  ON
    Y5_R_JUDGE         0.068      0.014      4.953      0.000      0.250
    Y5_R_INT           0.034      0.014      2.388      0.017      0.114
    Y5_READ            0.501      0.020     25.447      0.000      0.282
    Y3_READ            0.251      0.016     16.164      0.000      0.190
    GENDER            -0.032      0.028     -1.131      0.258      0.250
    SES                0.114      0.013      8.543      0.000      0.099
    GEO                0.003      0.028      0.099      0.921      0.090
    INDIG             -0.164      0.108     -1.522      0.128      0.604
    LANG               0.056      0.040      1.405      0.160      0.196

 Y5_R_JUD ON
    Y3_R_JUDGE         0.579      0.028     20.844      0.000      0.086
    Y3_R_INT           0.041      0.027      1.515      0.130      0.262
    Y3_READ            0.418      0.029     14.533      0.000      0.157
    GENDER            -0.041      0.053     -0.769      0.442      0.076
    SES               -0.088      0.029     -3.081      0.002      0.107
    GEO               -0.092      0.054     -1.701      0.089      0.131
    INDIG             -0.168      0.207     -0.809      0.418      0.157
    LANG              -0.170      0.093     -1.823      0.068      0.333

 Y5_R_INT ON
    Y3_R_JUDGE         0.177      0.032      5.495      0.000      0.141
    Y3_R_INT           0.234      0.026      8.892      0.000      0.134
    Y3_READ            0.140      0.036      3.916      0.000      0.189
    GENDER            -0.326      0.056     -5.790      0.000      0.129
    SES                0.004      0.030      0.145      0.885      0.160
    GEO                0.043      0.057      0.748      0.454      0.073
    INDIG              0.007      0.233      0.029      0.977      0.388
    LANG              -0.143      0.092     -1.558      0.119      0.166

 Y5_READ  ON
    Y3_R_JUDGE         0.144      0.020      7.071      0.000      0.382
    Y3_R_INT           0.013      0.016      0.821      0.412      0.020
    Y3_READ            0.602      0.017     35.734      0.000      0.164
    GENDER            -0.079      0.030     -2.604      0.009      0.062
    SES                0.122      0.015      7.969      0.000      0.095
    GEO                0.049      0.031      1.597      0.110      0.008
    INDIG             -0.148      0.113     -1.313      0.189      0.075
    LANG              -0.007      0.046     -0.149      0.881      0.134

 Y3_R_JUD ON
    GENDER            -0.272      0.042     -6.438      0.000      0.023
    SES                0.101      0.022      4.638      0.000      0.004
    GEO               -0.039      0.046     -0.846      0.398      0.005
    INDIG              0.137      0.143      0.959      0.337      0.026
    LANG              -0.167      0.069     -2.435      0.015      0.004

 Y3_R_INT ON
    GENDER            -0.432      0.044     -9.719      0.000      0.009
    SES                0.018      0.022      0.803      0.422      0.011
    GEO                0.073      0.045      1.602      0.109      0.025
    INDIG              0.291      0.241      1.206      0.228      0.156
    LANG              -0.171      0.070     -2.437      0.015      0.027

 Y3_READ  ON
    GENDER            -0.264      0.040     -6.645      0.000      0.010
    SES                0.325      0.021     15.281      0.000      0.038
    GEO                0.046      0.045      1.021      0.307      0.008
    INDIG             -0.556      0.146     -3.797      0.000      0.035
    LANG               0.003      0.067      0.038      0.969      0.015

 Y7_R_JUD WITH
    Y7_R_INT           0.176      0.035      5.056      0.000      0.457
    Y7_READ            0.059      0.017      3.470      0.001      0.584

 Y7_R_INT WITH
    Y7_READ            0.042      0.016      2.584      0.010      0.310

 Y5_R_JUD WITH
    Y5_R_INT           0.105      0.031      3.353      0.001      0.307
    Y5_READ            0.100      0.019      5.319      0.000      0.397

 Y5_R_INT WITH
    Y5_READ            0.042      0.018      2.373      0.018      0.117

 Y3_R_JUD WITH
    Y3_R_INT           0.170      0.021      7.930      0.000      0.006
    Y3_READ            0.485      0.024     20.415      0.000      0.056

 Y3_R_INT WITH
    Y3_READ            0.116      0.019      6.208      0.000      0.033

 Intercepts
    Y3_R_JUDGE         0.304      0.080      3.799      0.000      0.005
    Y3_R_INT           0.314      0.090      3.485      0.000      0.010
    Y3_READ            0.118      0.077      1.531      0.126      0.016
    Y5_READ            0.018      0.053      0.343      0.732      0.104
    Y7_READ           -0.004      0.045     -0.086      0.931      0.120

 Thresholds
    Y5_R_JUD$1        -2.878      0.124    -23.214      0.000      0.137
    Y5_R_JUD$2        -1.910      0.102    -18.799      0.000      0.110
    Y5_R_JUD$3        -0.647      0.102     -6.363      0.000      0.199
    Y5_R_JUD$4         0.255      0.100      2.552      0.011      0.200
    Y7_R_JUD$1        -2.627      0.145    -18.076      0.000      0.430
    Y7_R_JUD$2        -1.674      0.114    -14.692      0.000      0.298
    Y7_R_JUD$3        -0.264      0.104     -2.535      0.011      0.218
    Y7_R_JUD$4         0.713      0.114      6.250      0.000      0.341
    Y5_R_INT$1        -1.740      0.116    -15.052      0.000      0.192
    Y5_R_INT$2        -0.382      0.102     -3.733      0.000      0.094
    Y7_R_INT$1        -1.361      0.113    -12.017      0.000      0.154
    Y7_R_INT$2         0.106      0.109      0.972      0.331      0.174

 Residual Variances
    Y3_R_JUDGE         0.962      0.040     24.022      0.000      0.000
    Y3_R_INT           0.944      0.040     23.850      0.000      0.004
    Y3_READ            0.861      0.024     35.449      0.000      0.015
    Y5_READ            0.433      0.012     37.546      0.000      0.094
    Y7_READ            0.323      0.010     30.893      0.000      0.275


STANDARDIZED MODEL RESULTS


STDYX Standardization

                                                    Two-Tailed   Rate of
                    Estimate       S.E.  Est./S.E.    P-Value    Missing

 Y7_R_JUD ON
    Y5_R_JUDGE         0.253      0.028      9.113      0.000      0.243
    Y5_R_INT           0.089      0.024      3.719      0.000      0.086
    Y5_READ            0.196      0.026      7.588      0.000      0.242
    Y3_R_JUDGE         0.238      0.025      9.556      0.000      0.125
    GENDER            -0.035      0.024     -1.428      0.153      0.429
    SES                0.054      0.021      2.542      0.011      0.064
    GEO                0.009      0.021      0.415      0.678      0.208
    INDIG             -0.038      0.026     -1.423      0.155      0.381
    LANG              -0.023      0.025     -0.913      0.361      0.243

 Y7_R_INT ON
    Y5_R_JUDGE         0.094      0.030      3.098      0.002      0.016
    Y5_R_INT           0.289      0.032      8.939      0.000      0.354
    Y5_READ            0.106      0.032      3.353      0.001      0.186
    Y3_R_INT           0.081      0.026      3.159      0.002      0.256
    GENDER            -0.052      0.029     -1.809      0.070      0.401
    SES                0.073      0.027      2.689      0.007      0.141
    GEO                0.012      0.024      0.499      0.618      0.142
    INDIG              0.010      0.027      0.363      0.717      0.302
    LANG               0.004      0.036      0.118      0.906      0.427

 Y7_READ  ON
    Y5_R_JUDGE         0.090      0.018      4.997      0.000      0.246
    Y5_R_INT           0.038      0.016      2.395      0.017      0.113
    Y5_READ            0.500      0.019     26.609      0.000      0.315
    Y3_READ            0.251      0.016     15.788      0.000      0.180
    GENDER            -0.016      0.014     -1.131      0.258      0.250
    SES                0.114      0.013      8.542      0.000      0.099
    GEO                0.001      0.013      0.099      0.921      0.090
    INDIG             -0.025      0.016     -1.508      0.132      0.611
    LANG               0.020      0.015      1.404      0.160      0.196

 Y5_R_JUD ON
    Y3_R_JUDGE         0.434      0.020     21.885      0.000      0.065
    Y3_R_INT           0.031      0.021      1.513      0.130      0.260
    Y3_READ            0.314      0.021     14.973      0.000      0.166
    GENDER            -0.015      0.020     -0.769      0.442      0.075
    SES               -0.066      0.022     -3.076      0.002      0.107
    GEO               -0.033      0.019     -1.703      0.089      0.130
    INDIG             -0.019      0.023     -0.810      0.418      0.162
    LANG              -0.047      0.026     -1.820      0.069      0.336

 Y5_R_INT ON
    Y3_R_JUDGE         0.160      0.029      5.521      0.000      0.134
    Y3_R_INT           0.211      0.023      9.158      0.000      0.136
    Y3_READ            0.126      0.032      3.941      0.000      0.197
    GENDER            -0.147      0.025     -5.921      0.000      0.124
    SES                0.004      0.027      0.145      0.885      0.160
    GEO                0.018      0.025      0.748      0.454      0.073
    INDIG              0.001      0.032      0.031      0.975      0.395
    LANG              -0.047      0.030     -1.559      0.119      0.169

 Y5_READ  ON
    Y3_R_JUDGE         0.143      0.020      7.029      0.000      0.378
    Y3_R_INT           0.013      0.016      0.821      0.412      0.020
    Y3_READ            0.603      0.015     39.494      0.000      0.215
    GENDER            -0.040      0.015     -2.606      0.009      0.062
    SES                0.122      0.015      8.121      0.000      0.097
    GEO                0.024      0.015      1.597      0.110      0.008
    INDIG             -0.022      0.017     -1.311      0.190      0.083
    LANG              -0.003      0.017     -0.149      0.881      0.134

 Y3_R_JUD ON
    GENDER            -0.136      0.021     -6.573      0.000      0.024
    SES                0.102      0.022      4.701      0.000      0.004
    GEO               -0.019      0.022     -0.846      0.398      0.005
    INDIG              0.021      0.021      0.961      0.336      0.023
    LANG              -0.062      0.025     -2.442      0.015      0.004

 Y3_R_INT ON
    GENDER            -0.216      0.021    -10.397      0.000      0.011
    SES                0.018      0.022      0.803      0.422      0.011
    GEO                0.035      0.022      1.600      0.110      0.025
    INDIG              0.044      0.036      1.207      0.227      0.152
    LANG              -0.063      0.026     -2.450      0.014      0.027

 Y3_READ  ON
    GENDER            -0.132      0.020     -6.636      0.000      0.010
    SES                0.325      0.020     16.108      0.000      0.042
    GEO                0.022      0.021      1.021      0.307      0.008
    INDIG             -0.083      0.022     -3.857      0.000      0.018
    LANG               0.001      0.024      0.038      0.969      0.015

 Y7_R_JUD WITH
    Y7_R_INT           0.176      0.035      5.056      0.000      0.457
    Y7_READ            0.104      0.030      3.513      0.000      0.586

 Y7_R_INT WITH
    Y7_READ            0.073      0.028      2.579      0.010      0.316

 Y5_R_JUD WITH
    Y5_R_INT           0.105      0.031      3.353      0.001      0.307
    Y5_READ            0.153      0.028      5.406      0.000      0.393

 Y5_R_INT WITH
    Y5_READ            0.063      0.027      2.377      0.017      0.115

 Y3_R_JUD WITH
    Y3_R_INT           0.178      0.020      8.751      0.000      0.008
    Y3_READ            0.533      0.016     32.489      0.000      0.175

 Y3_R_INT WITH
    Y3_READ            0.129      0.020      6.463      0.000      0.037

 Intercepts
    Y3_R_JUDGE         0.305      0.079      3.869      0.000      0.005
    Y3_R_INT           0.314      0.087      3.617      0.000      0.011
    Y3_READ            0.118      0.077      1.530      0.126      0.016
    Y5_READ            0.018      0.053      0.343      0.731      0.104
    Y7_READ           -0.004      0.045     -0.086      0.931      0.120

 Thresholds
    Y5_R_JUD$1        -2.161      0.099    -21.936      0.000      0.172
    Y5_R_JUD$2        -1.434      0.078    -18.337      0.000      0.135
    Y5_R_JUD$3        -0.486      0.077     -6.317      0.000      0.211
    Y5_R_JUD$4         0.191      0.075      2.558      0.011      0.194
    Y7_R_JUD$1        -2.030      0.120    -16.875      0.000      0.512
    Y7_R_JUD$2        -1.293      0.090    -14.372      0.000      0.344
    Y7_R_JUD$3        -0.204      0.080     -2.532      0.011      0.222
    Y7_R_JUD$4         0.551      0.087      6.336      0.000      0.316
    Y5_R_INT$1        -1.572      0.103    -15.206      0.000      0.225
    Y5_R_INT$2        -0.345      0.092     -3.753      0.000      0.099
    Y7_R_INT$1        -1.216      0.099    -12.245      0.000      0.138
    Y7_R_INT$2         0.095      0.097      0.972      0.331      0.174

 Residual Variances
    Y3_R_JUDGE         0.968      0.007    130.010      0.000      0.013
    Y3_R_INT           0.944      0.010     91.945      0.000      0.050
    Y3_READ            0.861      0.015     59.296      0.000      0.045
    Y5_READ            0.434      0.012     35.828      0.000      0.096
    Y7_READ            0.323      0.012     28.085      0.000      0.224


R-SQUARE

    Observed                                        Two-Tailed   Rate of
    Variable        Estimate       S.E.  Est./S.E.    P-Value    Missing

    Y3_R_JUD           0.032      0.007      4.328      0.000      0.013
    Y5_R_JUD           0.436      0.017     26.199      0.000      0.044
    Y7_R_JUD           0.403      0.023     17.219      0.000      0.398
    Y3_R_INT           0.056      0.010      5.433      0.000      0.050
    Y5_R_INT           0.184      0.018     10.436      0.000      0.067
    Y7_R_INT           0.202      0.020     10.192      0.000      0.107
    Y3_READ            0.139      0.015      9.555      0.000      0.045
    Y5_READ            0.566      0.012     46.683      0.000      0.096
    Y7_READ            0.677      0.012     58.823      0.000      0.224


QUALITY OF NUMERICAL RESULTS

     Average Condition Number for the Information Matrix      0.275E-03
       (ratio of smallest to largest eigenvalue)


TOTAL, TOTAL INDIRECT, SPECIFIC INDIRECT, AND DIRECT EFFECTS


                                                    Two-Tailed   Rate of
                    Estimate       S.E.  Est./S.E.    P-Value    Missing

Effects from GENDER to Y5_READ

  Total               -0.283      0.042     -6.808      0.000      0.059
  Total indirect      -0.203      0.028     -7.251      0.000      0.020

  Specific indirect 1
    Y5_READ
    Y3_R_JUD
    GENDER            -0.039      0.008     -4.861      0.000      0.168

  Specific indirect 2
    Y5_READ
    Y3_R_INT
    GENDER            -0.006      0.007     -0.818      0.413      0.021

  Specific indirect 3
    Y5_READ
    Y3_READ
    GENDER            -0.159      0.024     -6.551      0.000      0.016

  Direct
    Y5_READ
    GENDER            -0.079      0.030     -2.604      0.009      0.062


Effects from GENDER to Y7_READ

  Total               -0.279      0.042     -6.717      0.000      0.116
  Total indirect      -0.247      0.032     -7.707      0.000      0.013

  Specific indirect 1
    Y7_READ
    Y5_R_JUD
    GENDER            -0.003      0.004     -0.760      0.447      0.052

  Specific indirect 2
    Y7_READ
    Y5_R_INT
    GENDER            -0.011      0.005     -2.263      0.024      0.067

  Specific indirect 3
    Y7_READ
    Y3_READ
    GENDER            -0.066      0.011     -6.219      0.000      0.011

  Specific indirect 4
    Y7_READ
    Y5_READ
    GENDER            -0.040      0.015     -2.593      0.010      0.057

  Specific indirect 5
    Y7_READ
    Y5_R_JUD
    Y3_R_JUD
    GENDER            -0.011      0.003     -3.782      0.000      0.179

  Specific indirect 6
    Y7_READ
    Y5_R_JUD
    Y3_R_INT
    GENDER            -0.001      0.001     -1.405      0.160      0.275

  Specific indirect 7
    Y7_READ
    Y5_R_JUD
    Y3_READ
    GENDER            -0.007      0.002     -3.799      0.000      0.157

  Specific indirect 8
    Y7_READ
    Y5_R_INT
    Y3_R_JUD
    GENDER            -0.002      0.001     -2.126      0.033      0.036

  Specific indirect 9
    Y7_READ
    Y5_R_INT
    Y3_R_INT
    GENDER            -0.003      0.002     -2.259      0.024      0.125

  Specific indirect 10
    Y7_READ
    Y5_R_INT
    Y3_READ
    GENDER            -0.001      0.001     -1.877      0.061      0.192

  Specific indirect 11
    Y7_READ
    Y5_READ
    Y3_R_JUD
    GENDER            -0.020      0.004     -4.741      0.000      0.203

  Specific indirect 12
    Y7_READ
    Y5_READ
    Y3_R_INT
    GENDER            -0.003      0.003     -0.818      0.413      0.020

  Specific indirect 13
    Y7_READ
    Y5_READ
    Y3_READ
    GENDER            -0.079      0.013     -6.268      0.000      0.048

  Direct
    Y7_READ
    GENDER            -0.032      0.028     -1.131      0.258      0.250



STANDARDIZED TOTAL, TOTAL INDIRECT, SPECIFIC INDIRECT, AND DIRECT EFFECTS


STDYX Standardization

                                                    Two-Tailed   Rate of
                    Estimate       S.E.  Est./S.E.    P-Value    Missing

Effects from GENDER to Y5_READ

  Total               -0.141      0.021     -6.847      0.000      0.058
  Total indirect      -0.102      0.014     -7.300      0.000      0.019

  Specific indirect 1
    Y5_READ
    Y3_R_JUD
    GENDER            -0.020      0.004     -4.886      0.000      0.168

  Specific indirect 2
    Y5_READ
    Y3_R_INT
    GENDER            -0.003      0.003     -0.818      0.413      0.021

  Specific indirect 3
    Y5_READ
    Y3_READ
    GENDER            -0.079      0.012     -6.582      0.000      0.016

  Direct
    Y5_READ
    GENDER            -0.040      0.015     -2.606      0.009      0.062


Effects from GENDER to Y7_READ

  Total               -0.140      0.021     -6.769      0.000      0.118
  Total indirect      -0.124      0.016     -7.797      0.000      0.014

  Specific indirect 1
    Y7_READ
    Y5_R_JUD
    GENDER            -0.001      0.002     -0.760      0.447      0.052

  Specific indirect 2
    Y7_READ
    Y5_R_INT
    GENDER            -0.006      0.002     -2.265      0.024      0.067

  Specific indirect 3
    Y7_READ
    Y3_READ
    GENDER            -0.033      0.005     -6.234      0.000      0.011

  Specific indirect 4
    Y7_READ
    Y5_READ
    GENDER            -0.020      0.008     -2.599      0.009      0.057

  Specific indirect 5
    Y7_READ
    Y5_R_JUD
    Y3_R_JUD
    GENDER            -0.005      0.001     -3.800      0.000      0.180

  Specific indirect 6
    Y7_READ
    Y5_R_JUD
    Y3_R_INT
    GENDER            -0.001      0.000     -1.407      0.159      0.276

  Specific indirect 7
    Y7_READ
    Y5_R_JUD
    Y3_READ
    GENDER            -0.004      0.001     -3.824      0.000      0.159

  Specific indirect 8
    Y7_READ
    Y5_R_INT
    Y3_R_JUD
    GENDER            -0.001      0.000     -2.130      0.033      0.036

  Specific indirect 9
    Y7_READ
    Y5_R_INT
    Y3_R_INT
    GENDER            -0.002      0.001     -2.261      0.024      0.125

  Specific indirect 10
    Y7_READ
    Y5_R_INT
    Y3_READ
    GENDER            -0.001      0.000     -1.879      0.060      0.193

  Specific indirect 11
    Y7_READ
    Y5_READ
    Y3_R_JUD
    GENDER            -0.010      0.002     -4.744      0.000      0.203

  Specific indirect 12
    Y7_READ
    Y5_READ
    Y3_R_INT
    GENDER            -0.001      0.002     -0.819      0.413      0.020

  Specific indirect 13
    Y7_READ
    Y5_READ
    Y3_READ
    GENDER            -0.040      0.006     -6.321      0.000      0.049

  Direct
    Y7_READ
    GENDER            -0.016      0.014     -1.131      0.258      0.250




CONFIDENCE INTERVALS OF MODEL RESULTS

                  Lower .5%  Lower 2.5%    Lower 5%    Estimate    Upper 5%  Upper 2.5%   Upper .5%

 Y7_R_JUD ON
    Y5_R_JUDGE       0.173       0.190       0.199       0.246       0.293       0.302       0.319
    Y5_R_INT         0.032       0.049       0.058       0.104       0.151       0.160       0.177
    Y5_READ          0.165       0.186       0.197       0.255       0.312       0.323       0.344
    Y3_R_JUDGE       0.221       0.242       0.253       0.309       0.365       0.376       0.397
    GENDER          -0.251      -0.213      -0.193      -0.090       0.013       0.033       0.071
    SES             -0.001       0.016       0.025       0.069       0.114       0.123       0.140
    GEO             -0.126      -0.090      -0.072       0.024       0.120       0.138       0.174
    INDIG           -0.916      -0.774      -0.702      -0.325       0.052       0.124       0.265
    LANG            -0.305      -0.252      -0.224      -0.080       0.064       0.092       0.146

 Y7_R_INT ON
    Y5_R_JUDGE       0.013       0.029       0.037       0.079       0.122       0.130       0.146
    Y5_R_INT         0.202       0.224       0.235       0.292       0.349       0.360       0.382
    Y5_READ          0.028       0.049       0.061       0.119       0.178       0.189       0.211
    Y3_R_INT         0.017       0.034       0.043       0.091       0.138       0.147       0.165
    GENDER          -0.283      -0.243      -0.223      -0.117      -0.011       0.010       0.049
    SES              0.003       0.022       0.031       0.081       0.131       0.141       0.159
    GEO             -0.118      -0.083      -0.065       0.028       0.122       0.140       0.175
    INDIG           -0.454      -0.327      -0.263       0.075       0.413       0.478       0.605
    LANG            -0.271      -0.203      -0.169       0.013       0.194       0.229       0.297

 Y7_READ  ON
    Y5_R_JUDGE       0.032       0.041       0.045       0.068       0.090       0.094       0.103
    Y5_R_INT        -0.003       0.006       0.011       0.034       0.058       0.063       0.072
    Y5_READ          0.450       0.462       0.468       0.501       0.533       0.539       0.551
    Y3_READ          0.211       0.221       0.226       0.251       0.277       0.282       0.291
    GENDER          -0.105      -0.088      -0.079      -0.032       0.015       0.024       0.041
    SES              0.080       0.088       0.092       0.114       0.136       0.141       0.149
    GEO             -0.069      -0.052      -0.043       0.003       0.048       0.057       0.074
    INDIG           -0.441      -0.375      -0.341      -0.164       0.013       0.047       0.113
    LANG            -0.046      -0.022      -0.010       0.056       0.121       0.133       0.157

 Y5_R_JUD ON
    Y3_R_JUDGE       0.508       0.525       0.534       0.579       0.625       0.634       0.651
    Y3_R_INT        -0.029      -0.012      -0.004       0.041       0.086       0.095       0.112
    Y3_READ          0.344       0.362       0.371       0.418       0.466       0.475       0.493
    GENDER          -0.177      -0.144      -0.127      -0.041       0.046       0.063       0.095
    SES             -0.162      -0.144      -0.135      -0.088      -0.041      -0.032      -0.014
    GEO             -0.232      -0.198      -0.181      -0.092      -0.003       0.014       0.047
    INDIG           -0.701      -0.573      -0.508      -0.168       0.173       0.238       0.366
    LANG            -0.411      -0.353      -0.324      -0.170      -0.017       0.013       0.070

 Y5_R_INT ON
    Y3_R_JUDGE       0.094       0.114       0.124       0.177       0.230       0.241       0.261
    Y3_R_INT         0.166       0.182       0.191       0.234       0.277       0.285       0.302
    Y3_READ          0.048       0.070       0.081       0.140       0.199       0.210       0.232
    GENDER          -0.472      -0.437      -0.419      -0.326      -0.234      -0.216      -0.181
    SES             -0.072      -0.054      -0.045       0.004       0.053       0.062       0.081
    GEO             -0.105      -0.070      -0.051       0.043       0.137       0.155       0.191
    INDIG           -0.593      -0.449      -0.376       0.007       0.390       0.463       0.606
    LANG            -0.379      -0.323      -0.294      -0.143       0.008       0.037       0.093

 Y5_READ  ON
    Y3_R_JUDGE       0.091       0.104       0.110       0.144       0.177       0.183       0.196
    Y3_R_INT        -0.027      -0.018      -0.013       0.013       0.038       0.043       0.053
    Y3_READ          0.558       0.569       0.574       0.602       0.630       0.635       0.645
    GENDER          -0.158      -0.139      -0.130      -0.079      -0.029      -0.020      -0.001
    SES              0.083       0.092       0.097       0.122       0.148       0.152       0.162
    GEO             -0.030      -0.011      -0.001       0.049       0.100       0.110       0.129
    INDIG           -0.438      -0.369      -0.333      -0.148       0.037       0.073       0.142
    LANG            -0.125      -0.097      -0.082      -0.007       0.069       0.083       0.111

 Y3_R_JUD ON
    GENDER          -0.381      -0.355      -0.342      -0.272      -0.203      -0.189      -0.163
    SES              0.045       0.058       0.065       0.101       0.137       0.144       0.158
    GEO             -0.157      -0.129      -0.114      -0.039       0.037       0.051       0.080
    INDIG           -0.231      -0.143      -0.098       0.137       0.372       0.417       0.504
    LANG            -0.344      -0.302      -0.280      -0.167      -0.054      -0.033       0.010

 Y3_R_INT ON
    GENDER          -0.547      -0.519      -0.505      -0.432      -0.359      -0.345      -0.318
    SES             -0.039      -0.025      -0.018       0.018       0.054       0.060       0.074
    GEO             -0.044      -0.016      -0.002       0.073       0.147       0.162       0.190
    INDIG           -0.331      -0.182      -0.106       0.291       0.688       0.764       0.913
    LANG            -0.351      -0.308      -0.286      -0.171      -0.056      -0.033       0.010

 Y3_READ  ON
    GENDER          -0.366      -0.341      -0.329      -0.264      -0.198      -0.186      -0.161
    SES              0.270       0.283       0.290       0.325       0.360       0.367       0.380
    GEO             -0.070      -0.042      -0.028       0.046       0.119       0.133       0.161
    INDIG           -0.933      -0.842      -0.796      -0.556      -0.315      -0.269      -0.179
    LANG            -0.169      -0.128      -0.107       0.003       0.112       0.133       0.174

 Y7_R_JUD WITH
    Y7_R_INT         0.086       0.107       0.118       0.176       0.233       0.244       0.265
    Y7_READ          0.015       0.026       0.031       0.059       0.087       0.093       0.103

 Y7_R_INT WITH
    Y7_READ          0.000       0.010       0.015       0.042       0.068       0.073       0.083

 Y5_R_JUD WITH
    Y5_R_INT         0.024       0.044       0.054       0.105       0.157       0.167       0.186
    Y5_READ          0.052       0.063       0.069       0.100       0.132       0.138       0.149

 Y5_R_INT WITH
    Y5_READ         -0.004       0.007       0.013       0.042       0.071       0.076       0.087

 Y3_R_JUD WITH
    Y3_R_INT         0.115       0.128       0.135       0.170       0.205       0.212       0.225
    Y3_READ          0.424       0.439       0.446       0.485       0.525       0.532       0.547

 Y3_R_INT WITH
    Y3_READ          0.068       0.079       0.085       0.116       0.147       0.153       0.164

 Intercepts
    Y3_R_JUD         0.098       0.147       0.172       0.304       0.436       0.461       0.510
    Y3_R_INT         0.082       0.137       0.166       0.314       0.462       0.490       0.546
    Y3_READ         -0.080      -0.033      -0.009       0.118       0.244       0.268       0.315
    Y5_READ         -0.118      -0.086      -0.069       0.018       0.105       0.122       0.155
    Y7_READ         -0.119      -0.091      -0.077      -0.004       0.070       0.084       0.111

 Thresholds
    Y5_R_JUD        -3.197      -3.121      -3.082      -2.878      -2.674      -2.635      -2.559
    Y5_R_JUD        -2.171      -2.109      -2.077      -1.910      -1.743      -1.711      -1.648
    Y5_R_JUD        -0.909      -0.846      -0.814      -0.647      -0.480      -0.448      -0.385
    Y5_R_JUD        -0.002       0.059       0.091       0.255       0.419       0.450       0.512
    Y7_R_JUD        -3.002      -2.912      -2.867      -2.627      -2.388      -2.343      -2.253
    Y7_R_JUD        -1.967      -1.897      -1.861      -1.674      -1.486      -1.450      -1.380
    Y7_R_JUD        -0.532      -0.468      -0.435      -0.264      -0.093      -0.060       0.004
    Y7_R_JUD         0.419       0.489       0.525       0.713       0.901       0.936       1.007
    Y5_R_INT        -2.038      -1.967      -1.930      -1.740      -1.550      -1.513      -1.442
    Y5_R_INT        -0.646      -0.583      -0.550      -0.382      -0.214      -0.181      -0.118
    Y7_R_INT        -1.653      -1.583      -1.548      -1.361      -1.175      -1.139      -1.069
    Y7_R_INT        -0.175      -0.108      -0.073       0.106       0.285       0.319       0.386

 Residual Variances
    Y3_R_JUD         0.859       0.884       0.896       0.962       1.028       1.041       1.065
    Y3_R_INT         0.842       0.866       0.879       0.944       1.009       1.022       1.046
    Y3_READ          0.799       0.814       0.821       0.861       0.901       0.909       0.924
    Y5_READ          0.404       0.411       0.414       0.433       0.452       0.456       0.463
    Y7_READ          0.296       0.303       0.306       0.323       0.340       0.344       0.350


CONFIDENCE INTERVALS OF STANDARDIZED MODEL RESULTS


STDYX Standardization

                  Lower .5%  Lower 2.5%    Lower 5%    Estimate    Upper 5%  Upper 2.5%   Upper .5%

 Y7_R_JUD ON
    Y5_R_JUDGE       0.182       0.199       0.207       0.253       0.299       0.308       0.325
    Y5_R_INT         0.027       0.042       0.050       0.089       0.129       0.136       0.151
    Y5_READ          0.130       0.146       0.154       0.196       0.239       0.247       0.263
    Y3_R_JUDGE       0.174       0.189       0.197       0.238       0.279       0.287       0.302
    GENDER          -0.098      -0.083      -0.075      -0.035       0.005       0.013       0.028
    SES             -0.001       0.012       0.019       0.054       0.088       0.095       0.108
    GEO             -0.046      -0.033      -0.026       0.009       0.044       0.051       0.064
    INDIG           -0.106      -0.089      -0.081      -0.038       0.006       0.014       0.030
    LANG            -0.087      -0.071      -0.064      -0.023       0.018       0.026       0.041

 Y7_R_INT ON
    Y5_R_JUDGE       0.016       0.035       0.044       0.094       0.145       0.154       0.173
    Y5_R_INT         0.205       0.225       0.236       0.289       0.342       0.352       0.372
    Y5_READ          0.025       0.044       0.054       0.106       0.159       0.169       0.188
    Y3_R_INT         0.015       0.031       0.039       0.081       0.123       0.131       0.147
    GENDER          -0.126      -0.109      -0.100      -0.052      -0.005       0.004       0.022
    SES              0.003       0.020       0.028       0.073       0.117       0.125       0.142
    GEO             -0.050      -0.035      -0.028       0.012       0.052       0.060       0.074
    INDIG           -0.061      -0.044      -0.035       0.010       0.055       0.064       0.081
    LANG            -0.089      -0.067      -0.055       0.004       0.064       0.075       0.097

 Y7_READ  ON
    Y5_R_JUDGE       0.044       0.055       0.060       0.090       0.120       0.125       0.136
    Y5_R_INT        -0.003       0.007       0.012       0.038       0.064       0.069       0.079
    Y5_READ          0.452       0.463       0.469       0.500       0.531       0.537       0.549
    Y3_READ          0.210       0.220       0.225       0.251       0.277       0.282       0.292
    GENDER          -0.053      -0.044      -0.039      -0.016       0.007       0.012       0.020
    SES              0.080       0.088       0.092       0.114       0.136       0.141       0.149
    GEO             -0.033      -0.025      -0.020       0.001       0.023       0.027       0.035
    INDIG           -0.067      -0.056      -0.051      -0.025       0.002       0.007       0.017
    LANG            -0.017      -0.008      -0.004       0.020       0.044       0.049       0.058

 Y5_R_JUD ON
    Y3_R_JUDGE       0.383       0.395       0.401       0.434       0.467       0.473       0.485
    Y3_R_INT        -0.022      -0.009      -0.003       0.031       0.065       0.071       0.084
    Y3_READ          0.260       0.273       0.280       0.314       0.349       0.355       0.368
    GENDER          -0.066      -0.054      -0.048      -0.015       0.017       0.024       0.036
    SES             -0.122      -0.108      -0.102      -0.066      -0.031      -0.024      -0.011
    GEO             -0.083      -0.071      -0.065      -0.033      -0.001       0.005       0.017
    INDIG           -0.079      -0.065      -0.057      -0.019       0.019       0.027       0.041
    LANG            -0.113      -0.098      -0.089      -0.047      -0.005       0.004       0.019

 Y5_R_INT ON
    Y3_R_JUDGE       0.085       0.103       0.112       0.160       0.207       0.216       0.234
    Y3_R_INT         0.152       0.166       0.173       0.211       0.249       0.257       0.271
    Y3_READ          0.044       0.063       0.074       0.126       0.179       0.189       0.209
    GENDER          -0.211      -0.196      -0.188      -0.147      -0.106      -0.099      -0.083
    SES             -0.065      -0.049      -0.040       0.004       0.048       0.056       0.073
    GEO             -0.045      -0.030      -0.022       0.018       0.059       0.067       0.082
    INDIG           -0.081      -0.061      -0.051       0.001       0.053       0.063       0.082
    LANG            -0.126      -0.107      -0.098      -0.047       0.003       0.012       0.031

 Y5_READ  ON
    Y3_R_JUDGE       0.091       0.103       0.110       0.143       0.177       0.183       0.196
    Y3_R_INT        -0.027      -0.018      -0.013       0.013       0.038       0.043       0.053
    Y3_READ          0.563       0.573       0.577       0.603       0.628       0.632       0.642
    GENDER          -0.079      -0.070      -0.065      -0.040      -0.015      -0.010       0.000
    SES              0.084       0.093       0.098       0.122       0.147       0.152       0.161
    GEO             -0.014      -0.005      -0.001       0.024       0.048       0.052       0.062
    INDIG           -0.066      -0.055      -0.050      -0.022       0.006       0.011       0.021
    LANG            -0.046      -0.036      -0.030      -0.003       0.025       0.031       0.041

 Y3_R_JUD ON
    GENDER          -0.190      -0.177      -0.171      -0.136      -0.102      -0.096      -0.083
    SES              0.046       0.059       0.066       0.102       0.137       0.144       0.157
    GEO             -0.075      -0.062      -0.055      -0.019       0.018       0.024       0.038
    INDIG           -0.034      -0.021      -0.015       0.021       0.056       0.062       0.076
    LANG            -0.127      -0.111      -0.103      -0.062      -0.020      -0.012       0.003

 Y3_R_INT ON
    GENDER          -0.269      -0.257      -0.250      -0.216      -0.182      -0.175      -0.162
    SES             -0.039      -0.025      -0.018       0.018       0.054       0.060       0.074
    GEO             -0.021      -0.008      -0.001       0.035       0.070       0.077       0.090
    INDIG           -0.049      -0.027      -0.016       0.044       0.103       0.114       0.136
    LANG            -0.129      -0.113      -0.105      -0.063      -0.021      -0.013       0.003

 Y3_READ  ON
    GENDER          -0.183      -0.171      -0.164      -0.132      -0.099      -0.093      -0.081
    SES              0.273       0.286       0.292       0.325       0.358       0.365       0.377
    GEO             -0.033      -0.020      -0.013       0.022       0.057       0.064       0.077
    INDIG           -0.139      -0.125      -0.119      -0.083      -0.048      -0.041      -0.028
    LANG            -0.062      -0.047      -0.039       0.001       0.041       0.049       0.064

 Y7_R_JUD WITH
    Y7_R_INT         0.086       0.107       0.118       0.176       0.233       0.244       0.265
    Y7_READ          0.028       0.046       0.055       0.104       0.153       0.162       0.180

 Y7_R_INT WITH
    Y7_READ          0.000       0.018       0.027       0.073       0.120       0.129       0.147

 Y5_R_JUD WITH
    Y5_R_INT         0.024       0.044       0.054       0.105       0.157       0.167       0.186
    Y5_READ          0.080       0.097       0.106       0.153       0.199       0.208       0.225

 Y5_R_INT WITH
    Y5_READ         -0.005       0.011       0.020       0.063       0.107       0.116       0.132

 Y3_R_JUD WITH
    Y3_R_INT         0.126       0.138       0.145       0.178       0.212       0.218       0.231
    Y3_READ          0.491       0.501       0.506       0.533       0.560       0.565       0.575

 Y3_R_INT WITH
    Y3_READ          0.077       0.090       0.096       0.129       0.162       0.168       0.180

 Intercepts
    Y3_R_JUD         0.102       0.150       0.175       0.305       0.434       0.459       0.508
    Y3_R_INT         0.090       0.144       0.171       0.314       0.456       0.484       0.537
    Y3_READ         -0.080      -0.033      -0.009       0.118       0.244       0.268       0.315
    Y5_READ         -0.118      -0.086      -0.069       0.018       0.105       0.122       0.155
    Y7_READ         -0.119      -0.091      -0.077      -0.004       0.070       0.084       0.111

 Thresholds
    Y5_R_JUD        -2.415      -2.355      -2.323      -2.161      -1.999      -1.968      -1.908
    Y5_R_JUD        -1.636      -1.587      -1.563      -1.434      -1.306      -1.281      -1.233
    Y5_R_JUD        -0.684      -0.637      -0.613      -0.486      -0.359      -0.335      -0.288
    Y5_R_JUD        -0.001       0.045       0.068       0.191       0.314       0.338       0.384
    Y7_R_JUD        -2.340      -2.266      -2.228      -2.030      -1.832      -1.794      -1.720
    Y7_R_JUD        -1.525      -1.469      -1.441      -1.293      -1.145      -1.117      -1.061
    Y7_R_JUD        -0.411      -0.362      -0.336      -0.204      -0.071      -0.046       0.003
    Y7_R_JUD         0.327       0.380       0.408       0.551       0.694       0.721       0.775
    Y5_R_INT        -1.838      -1.775      -1.742      -1.572      -1.402      -1.369      -1.306
    Y5_R_INT        -0.582      -0.525      -0.496      -0.345      -0.194      -0.165      -0.108
    Y7_R_INT        -1.471      -1.410      -1.379      -1.216      -1.052      -1.021      -0.960
    Y7_R_INT        -0.156      -0.096      -0.065       0.095       0.255       0.285       0.345

 Residual Variances
    Y3_R_JUD         0.949       0.953       0.956       0.968       0.980       0.982       0.987
    Y3_R_INT         0.918       0.924       0.927       0.944       0.961       0.964       0.971
    Y3_READ          0.824       0.833       0.837       0.861       0.885       0.890       0.899
    Y5_READ          0.403       0.410       0.414       0.434       0.454       0.458       0.465
    Y7_READ          0.294       0.301       0.304       0.323       0.342       0.346       0.353


CONFIDENCE INTERVALS OF TOTAL, TOTAL INDIRECT, SPECIFIC INDIRECT, AND DIRECT EFFECTS


                  Lower .5%  Lower 2.5%    Lower 5%    Estimate    Upper 5%  Upper 2.5%   Upper .5%

Effects from GENDER to Y5_READ

  Total             -0.390      -0.364      -0.351      -0.283      -0.214      -0.201      -0.176
  Total indirect    -0.275      -0.258      -0.249      -0.203      -0.157      -0.148      -0.131

  Specific indirect 1
    Y5_READ
    Y3_R_JUD
    GENDER          -0.060      -0.055      -0.052      -0.039      -0.026      -0.023      -0.018

  Specific indirect 2
    Y5_READ
    Y3_R_INT
    GENDER          -0.023      -0.019      -0.017      -0.006       0.006       0.008       0.012

  Specific indirect 3
    Y5_READ
    Y3_READ
    GENDER          -0.221      -0.206      -0.198      -0.159      -0.119      -0.111      -0.096

  Direct
    Y5_READ
    GENDER          -0.158      -0.139      -0.130      -0.079      -0.029      -0.020      -0.001


Effects from GENDER to Y7_READ

  Total             -0.387      -0.361      -0.348      -0.279      -0.211      -0.198      -0.172
  Total indirect    -0.330      -0.310      -0.300      -0.247      -0.195      -0.184      -0.165

  Specific indirect 1
    Y7_READ
    Y5_R_JUD
    GENDER          -0.012      -0.010      -0.009      -0.003       0.003       0.004       0.006

  Specific indirect 2
    Y7_READ
    Y5_R_INT
    GENDER          -0.024      -0.021      -0.019      -0.011      -0.003      -0.002       0.002

  Specific indirect 3
    Y7_READ
    Y3_READ
    GENDER          -0.094      -0.087      -0.084      -0.066      -0.049      -0.045      -0.039

  Specific indirect 4
    Y7_READ
    Y5_READ
    GENDER          -0.079      -0.070      -0.065      -0.040      -0.015      -0.010       0.000

  Specific indirect 5
    Y7_READ
    Y5_R_JUD
    Y3_R_JUD
    GENDER          -0.018      -0.016      -0.015      -0.011      -0.006      -0.005      -0.003

  Specific indirect 6
    Y7_READ
    Y5_R_JUD
    Y3_R_INT
    GENDER          -0.003      -0.003      -0.003      -0.001       0.000       0.000       0.001

  Specific indirect 7
    Y7_READ
    Y5_R_JUD
    Y3_READ
    GENDER          -0.013      -0.011      -0.011      -0.007      -0.004      -0.004      -0.002

  Specific indirect 8
    Y7_READ
    Y5_R_INT
    Y3_R_JUD
    GENDER          -0.004      -0.003      -0.003      -0.002       0.000       0.000       0.000

  Specific indirect 9
    Y7_READ
    Y5_R_INT
    Y3_R_INT
    GENDER          -0.007      -0.007      -0.006      -0.003      -0.001       0.000       0.000

  Specific indirect 10
    Y7_READ
    Y5_R_INT
    Y3_READ
    GENDER          -0.003      -0.003      -0.002      -0.001       0.000       0.000       0.000

  Specific indirect 11
    Y7_READ
    Y5_READ
    Y3_R_JUD
    GENDER          -0.030      -0.028      -0.026      -0.020      -0.013      -0.011      -0.009

  Specific indirect 12
    Y7_READ
    Y5_READ
    Y3_R_INT
    GENDER          -0.011      -0.009      -0.008      -0.003       0.003       0.004       0.006

  Specific indirect 13
    Y7_READ
    Y5_READ
    Y3_READ
    GENDER          -0.112      -0.104      -0.100      -0.079      -0.059      -0.055      -0.047

  Direct
    Y7_READ
    GENDER          -0.105      -0.088      -0.079      -0.032       0.015       0.024       0.041



CONFIDENCE INTERVALS OF STANDARDIZED TOTAL, TOTAL INDIRECT, SPECIFIC INDIRECT, AND DIRECT EFFECTS


STDYX Standardization

                  Lower .5%  Lower 2.5%    Lower 5%    Estimate    Upper 5%  Upper 2.5%   Upper .5%

Effects from GENDER to Y5_READ

  Total             -0.195      -0.182      -0.175      -0.141      -0.107      -0.101      -0.088
  Total indirect    -0.138      -0.129      -0.125      -0.102      -0.079      -0.074      -0.066

  Specific indirect 1
    Y5_READ
    Y3_R_JUD
    GENDER          -0.030      -0.027      -0.026      -0.020      -0.013      -0.012      -0.009

  Specific indirect 2
    Y5_READ
    Y3_R_INT
    GENDER          -0.011      -0.009      -0.008      -0.003       0.003       0.004       0.006

  Specific indirect 3
    Y5_READ
    Y3_READ
    GENDER          -0.110      -0.103      -0.099      -0.079      -0.060      -0.056      -0.048

  Direct
    Y5_READ
    GENDER          -0.079      -0.070      -0.065      -0.040      -0.015      -0.010       0.000


Effects from GENDER to Y7_READ

  Total             -0.193      -0.180      -0.174      -0.140      -0.106      -0.099      -0.086
  Total indirect    -0.164      -0.155      -0.150      -0.124      -0.098      -0.093      -0.083

  Specific indirect 1
    Y7_READ
    Y5_R_JUD
    GENDER          -0.006      -0.005      -0.004      -0.001       0.002       0.002       0.003

  Specific indirect 2
    Y7_READ
    Y5_R_INT
    GENDER          -0.012      -0.010      -0.010      -0.006      -0.002      -0.001       0.001

  Specific indirect 3
    Y7_READ
    Y3_READ
    GENDER          -0.047      -0.043      -0.042      -0.033      -0.024      -0.023      -0.019

  Specific indirect 4
    Y7_READ
    Y5_READ
    GENDER          -0.040      -0.035      -0.032      -0.020      -0.007      -0.005       0.000

  Specific indirect 5
    Y7_READ
    Y5_R_JUD
    Y3_R_JUD
    GENDER          -0.009      -0.008      -0.008      -0.005      -0.003      -0.003      -0.002

  Specific indirect 6
    Y7_READ
    Y5_R_JUD
    Y3_R_INT
    GENDER          -0.002      -0.001      -0.001      -0.001       0.000       0.000       0.001

  Specific indirect 7
    Y7_READ
    Y5_R_JUD
    Y3_READ
    GENDER          -0.006      -0.006      -0.005      -0.004      -0.002      -0.002      -0.001

  Specific indirect 8
    Y7_READ
    Y5_R_INT
    Y3_R_JUD
    GENDER          -0.002      -0.002      -0.001      -0.001       0.000       0.000       0.000

  Specific indirect 9
    Y7_READ
    Y5_R_INT
    Y3_R_INT
    GENDER          -0.004      -0.003      -0.003      -0.002       0.000       0.000       0.000

  Specific indirect 10
    Y7_READ
    Y5_R_INT
    Y3_READ
    GENDER          -0.002      -0.001      -0.001      -0.001       0.000       0.000       0.000

  Specific indirect 11
    Y7_READ
    Y5_READ
    Y3_R_JUD
    GENDER          -0.015      -0.014      -0.013      -0.010      -0.006      -0.006      -0.004

  Specific indirect 12
    Y7_READ
    Y5_READ
    Y3_R_INT
    GENDER          -0.006      -0.005      -0.004      -0.001       0.001       0.002       0.003

  Specific indirect 13
    Y7_READ
    Y5_READ
    Y3_READ
    GENDER          -0.056      -0.052      -0.050      -0.040      -0.029      -0.027      -0.024

  Direct
    Y7_READ
    GENDER          -0.053      -0.044      -0.039      -0.016       0.007       0.012       0.020




TECHNICAL 1 OUTPUT


     PARAMETER SPECIFICATION


           TAU
              Y5_R_JUD      Y5_R_JUD      Y5_R_JUD      Y5_R_JUD      Y7_R_JUD
              ________      ________      ________      ________      ________
                  1             2             3             4             5


           TAU
              Y7_R_JUD      Y7_R_JUD      Y7_R_JUD      Y5_R_INT      Y5_R_INT
              ________      ________      ________      ________      ________
                  6             7             8             9            10


           TAU
              Y7_R_INT      Y7_R_INT
              ________      ________
                 11            12


           NU
              Y3_R_JUD      Y5_R_JUD      Y7_R_JUD      Y3_R_INT      Y5_R_INT
              ________      ________      ________      ________      ________
                  0             0             0             0             0


           NU
              Y7_R_INT      Y3_READ       Y5_READ       Y7_READ
              ________      ________      ________      ________
                  0             0             0             0


           LAMBDA
              Y3_R_JUD      Y5_R_JUD      Y7_R_JUD      Y3_R_INT      Y5_R_INT
              ________      ________      ________      ________      ________
 Y3_R_JUD           0             0             0             0             0
 Y5_R_JUD           0             0             0             0             0
 Y7_R_JUD           0             0             0             0             0
 Y3_R_INT           0             0             0             0             0
 Y5_R_INT           0             0             0             0             0
 Y7_R_INT           0             0             0             0             0
 Y3_READ            0             0             0             0             0
 Y5_READ            0             0             0             0             0
 Y7_READ            0             0             0             0             0


           LAMBDA
              Y7_R_INT      Y3_READ       Y5_READ       Y7_READ
              ________      ________      ________      ________
 Y3_R_JUD           0             0             0             0
 Y5_R_JUD           0             0             0             0
 Y7_R_JUD           0             0             0             0
 Y3_R_INT           0             0             0             0
 Y5_R_INT           0             0             0             0
 Y7_R_INT           0             0             0             0
 Y3_READ            0             0             0             0
 Y5_READ            0             0             0             0
 Y7_READ            0             0             0             0


           THETA
              Y3_R_JUD      Y5_R_JUD      Y7_R_JUD      Y3_R_INT      Y5_R_INT
              ________      ________      ________      ________      ________
 Y3_R_JUD           0
 Y5_R_JUD           0             0
 Y7_R_JUD           0             0             0
 Y3_R_INT           0             0             0             0
 Y5_R_INT           0             0             0             0             0
 Y7_R_INT           0             0             0             0             0
 Y3_READ            0             0             0             0             0
 Y5_READ            0             0             0             0             0
 Y7_READ            0             0             0             0             0


           THETA
              Y7_R_INT      Y3_READ       Y5_READ       Y7_READ
              ________      ________      ________      ________
 Y7_R_INT           0
 Y3_READ            0             0
 Y5_READ            0             0             0
 Y7_READ            0             0             0             0


           ALPHA
              Y3_R_JUD      Y5_R_JUD      Y7_R_JUD      Y3_R_INT      Y5_R_INT
              ________      ________      ________      ________      ________
                 13             0             0            14             0


           ALPHA
              Y7_R_INT      Y3_READ       Y5_READ       Y7_READ
              ________      ________      ________      ________
                  0            15            16            17


           BETA
              Y3_R_JUD      Y5_R_JUD      Y7_R_JUD      Y3_R_INT      Y5_R_INT
              ________      ________      ________      ________      ________
 Y3_R_JUD           0             0             0             0             0
 Y5_R_JUD          18             0             0            19             0
 Y7_R_JUD          21            22             0             0            23
 Y3_R_INT           0             0             0             0             0
 Y5_R_INT          25             0             0            26             0
 Y7_R_INT           0            28             0            29            30
 Y3_READ            0             0             0             0             0
 Y5_READ           32             0             0            33             0
 Y7_READ            0            35             0             0            36


           BETA
              Y7_R_INT      Y3_READ       Y5_READ       Y7_READ
              ________      ________      ________      ________
 Y3_R_JUD           0             0             0             0
 Y5_R_JUD           0            20             0             0
 Y7_R_JUD           0             0            24             0
 Y3_R_INT           0             0             0             0
 Y5_R_INT           0            27             0             0
 Y7_R_INT           0             0            31             0
 Y3_READ            0             0             0             0
 Y5_READ            0            34             0             0
 Y7_READ            0            37            38             0


           GAMMA
              GENDER        SES           GEO           INDIG         LANG
              ________      ________      ________      ________      ________
 Y3_R_JUD          39            40            41            42            43
 Y5_R_JUD          44            45            46            47            48
 Y7_R_JUD          49            50            51            52            53
 Y3_R_INT          54            55            56            57            58
 Y5_R_INT          59            60            61            62            63
 Y7_R_INT          64            65            66            67            68
 Y3_READ           69            70            71            72            73
 Y5_READ           74            75            76            77            78
 Y7_READ           79            80            81            82            83


           PSI
              Y3_R_JUD      Y5_R_JUD      Y7_R_JUD      Y3_R_INT      Y5_R_INT
              ________      ________      ________      ________      ________
 Y3_R_JUD          84
 Y5_R_JUD           0             0
 Y7_R_JUD           0             0             0
 Y3_R_INT          85             0             0            86
 Y5_R_INT           0            87             0             0             0
 Y7_R_INT           0             0            88             0             0
 Y3_READ           89             0             0            90             0
 Y5_READ            0            92             0             0            93
 Y7_READ            0             0            95             0             0


           PSI
              Y7_R_INT      Y3_READ       Y5_READ       Y7_READ
              ________      ________      ________      ________
 Y7_R_INT           0
 Y3_READ            0            91
 Y5_READ            0             0            94
 Y7_READ           96             0             0            97


     STARTING VALUES


           TAU
              Y5_R_JUD      Y5_R_JUD      Y5_R_JUD      Y5_R_JUD      Y7_R_JUD
              ________      ________      ________      ________      ________
               -2.005        -1.254        -0.313         0.360        -1.926


           TAU
              Y7_R_JUD      Y7_R_JUD      Y7_R_JUD      Y5_R_INT      Y5_R_INT
              ________      ________      ________      ________      ________
               -1.153        -0.053         0.702        -1.347        -0.109


           TAU
              Y7_R_INT      Y7_R_INT
              ________      ________
               -1.090         0.212


           NU
              Y3_R_JUD      Y5_R_JUD      Y7_R_JUD      Y3_R_INT      Y5_R_INT
              ________      ________      ________      ________      ________
                0.000         0.000         0.000         0.000         0.000


           NU
              Y7_R_INT      Y3_READ       Y5_READ       Y7_READ
              ________      ________      ________      ________
                0.000         0.000         0.000         0.000


           LAMBDA
              Y3_R_JUD      Y5_R_JUD      Y7_R_JUD      Y3_R_INT      Y5_R_INT
              ________      ________      ________      ________      ________
 Y3_R_JUD       1.000         0.000         0.000         0.000         0.000
 Y5_R_JUD       0.000         1.000         0.000         0.000         0.000
 Y7_R_JUD       0.000         0.000         1.000         0.000         0.000
 Y3_R_INT       0.000         0.000         0.000         1.000         0.000
 Y5_R_INT       0.000         0.000         0.000         0.000         1.000
 Y7_R_INT       0.000         0.000         0.000         0.000         0.000
 Y3_READ        0.000         0.000         0.000         0.000         0.000
 Y5_READ        0.000         0.000         0.000         0.000         0.000
 Y7_READ        0.000         0.000         0.000         0.000         0.000


           LAMBDA
              Y7_R_INT      Y3_READ       Y5_READ       Y7_READ
              ________      ________      ________      ________
 Y3_R_JUD       0.000         0.000         0.000         0.000
 Y5_R_JUD       0.000         0.000         0.000         0.000
 Y7_R_JUD       0.000         0.000         0.000         0.000
 Y3_R_INT       0.000         0.000         0.000         0.000
 Y5_R_INT       0.000         0.000         0.000         0.000
 Y7_R_INT       1.000         0.000         0.000         0.000
 Y3_READ        0.000         1.000         0.000         0.000
 Y5_READ        0.000         0.000         1.000         0.000
 Y7_READ        0.000         0.000         0.000         1.000


           THETA
              Y3_R_JUD      Y5_R_JUD      Y7_R_JUD      Y3_R_INT      Y5_R_INT
              ________      ________      ________      ________      ________
 Y3_R_JUD       0.000
 Y5_R_JUD       0.000         0.000
 Y7_R_JUD       0.000         0.000         0.000
 Y3_R_INT       0.000         0.000         0.000         0.000
 Y5_R_INT       0.000         0.000         0.000         0.000         0.000
 Y7_R_INT       0.000         0.000         0.000         0.000         0.000
 Y3_READ        0.000         0.000         0.000         0.000         0.000
 Y5_READ        0.000         0.000         0.000         0.000         0.000
 Y7_READ        0.000         0.000         0.000         0.000         0.000


           THETA
              Y7_R_INT      Y3_READ       Y5_READ       Y7_READ
              ________      ________      ________      ________
 Y7_R_INT       0.000
 Y3_READ        0.000         0.000
 Y5_READ        0.000         0.000         0.000
 Y7_READ        0.000         0.000         0.000         0.000


           ALPHA
              Y3_R_JUD      Y5_R_JUD      Y7_R_JUD      Y3_R_INT      Y5_R_INT
              ________      ________      ________      ________      ________
                0.000         0.000         0.000         0.000         0.000


           ALPHA
              Y7_R_INT      Y3_READ       Y5_READ       Y7_READ
              ________      ________      ________      ________
                0.000         0.000         0.000         0.000


           BETA
              Y3_R_JUD      Y5_R_JUD      Y7_R_JUD      Y3_R_INT      Y5_R_INT
              ________      ________      ________      ________      ________
 Y3_R_JUD       0.000         0.000         0.000         0.000         0.000
 Y5_R_JUD       0.000         0.000         0.000         0.000         0.000
 Y7_R_JUD       0.000         0.000         0.000         0.000         0.000
 Y3_R_INT       0.000         0.000         0.000         0.000         0.000
 Y5_R_INT       0.000         0.000         0.000         0.000         0.000
 Y7_R_INT       0.000         0.000         0.000         0.000         0.000
 Y3_READ        0.000         0.000         0.000         0.000         0.000
 Y5_READ        0.000         0.000         0.000         0.000         0.000
 Y7_READ        0.000         0.000         0.000         0.000         0.000


           BETA
              Y7_R_INT      Y3_READ       Y5_READ       Y7_READ
              ________      ________      ________      ________
 Y3_R_JUD       0.000         0.000         0.000         0.000
 Y5_R_JUD       0.000         0.000         0.000         0.000
 Y7_R_JUD       0.000         0.000         0.000         0.000
 Y3_R_INT       0.000         0.000         0.000         0.000
 Y5_R_INT       0.000         0.000         0.000         0.000
 Y7_R_INT       0.000         0.000         0.000         0.000
 Y3_READ        0.000         0.000         0.000         0.000
 Y5_READ        0.000         0.000         0.000         0.000
 Y7_READ        0.000         0.000         0.000         0.000


           GAMMA
              GENDER        SES           GEO           INDIG         LANG
              ________      ________      ________      ________      ________
 Y3_R_JUD       0.000         0.000         0.000         0.000         0.000
 Y5_R_JUD       0.000         0.000         0.000         0.000         0.000
 Y7_R_JUD       0.000         0.000         0.000         0.000         0.000
 Y3_R_INT       0.000         0.000         0.000         0.000         0.000
 Y5_R_INT       0.000         0.000         0.000         0.000         0.000
 Y7_R_INT       0.000         0.000         0.000         0.000         0.000
 Y3_READ        0.000         0.000         0.000         0.000         0.000
 Y5_READ        0.000         0.000         0.000         0.000         0.000
 Y7_READ        0.000         0.000         0.000         0.000         0.000


           PSI
              Y3_R_JUD      Y5_R_JUD      Y7_R_JUD      Y3_R_INT      Y5_R_INT
              ________      ________      ________      ________      ________
 Y3_R_JUD       0.500
 Y5_R_JUD       0.000         1.000
 Y7_R_JUD       0.000         0.000         1.000
 Y3_R_INT       0.000         0.000         0.000         0.500
 Y5_R_INT       0.000         0.000         0.000         0.000         1.000
 Y7_R_INT       0.000         0.000         0.000         0.000         0.000
 Y3_READ        0.000         0.000         0.000         0.000         0.000
 Y5_READ        0.000         0.000         0.000         0.000         0.000
 Y7_READ        0.000         0.000         0.000         0.000         0.000


           PSI
              Y7_R_INT      Y3_READ       Y5_READ       Y7_READ
              ________      ________      ________      ________
 Y7_R_INT       1.000
 Y3_READ        0.000         0.500
 Y5_READ        0.000         0.000         0.500
 Y7_READ        0.000         0.000         0.000         0.500


     Beginning Time:  16:57:58
        Ending Time:  16:58:00
       Elapsed Time:  00:00:02



MUTHEN & MUTHEN
3463 Stoner Ave.
Los Angeles, CA  90066

Tel: (310) 391-9971
Fax: (310) 391-8971
Web: www.StatModel.com
Support: Support@StatModel.com

Copyright (c) 1998-2019 Muthen & Muthen
