Mplus VERSION 8.4 (Mac)
MUTHEN & MUTHEN
07/23/2020   4:14 PM

INPUT INSTRUCTIONS

  TITLE: Reading RI-CLPM
  DATA: FILE = "../../data/mplus_data.dat";
  VARIABLE:
  NAMES = y3_weight y3_math_interest y3_math_judgement y5_math_interest
       y5_math_judgement y7_math_interest y7_math_judgement y3_math y5_math y7_math
       y3_math_sch y5_math_sch y7_math_sch y3_read_interest y3_read_judgement
       y5_read_interest y5_read_judgement y7_read_interest y7_read_judgement y3_read
       y5_read y7_read y3_read_sch y5_read_sch y7_read_sch gender ses geo indig lang
       y3_sid;
  MISSING=.;

  WEIGHT ARE y3_weight;

  CLUSTER = y3_sid;

  USEVARIABLES ARE
    y3_read y5_read y7_read
  	y3_read_interest y5_read_interest y7_read_interest
  	y3_read_judgement y5_read_judgement y7_read_judgement;

  ANALYSIS: ESTIMATOR = MLR; TYPE = COMPLEX;


  MODEL:
  !Random Intercept
  ri_read_int BY y3_read_interest@1 y5_read_interest@1 y7_read_interest@1;
  ri_read BY y3_read@1 y5_read@1 y7_read@1;
  ri_read_jud BY y3_read_judgement@1 y5_read_judgement@1 y7_read_judgement@1;

  !within person
  cx3 BY y3_read_interest@1; cx5 BY y5_read_interest@1; cx7 BY y7_read_interest@1;
  cy3 BY y3_read@1; cy5 BY y5_read@1; cy7 BY y7_read@1;
  cw3 BY y3_read_judgement@1; cw5 BY y5_read_judgement@1; cw7 BY y7_read_judgement@1;

  !constraints loadings
  y3_read_interest@0; y5_read_interest@0; y7_read_interest@0;
  y3_read@0; y5_read@0; y7_read@0;
  y3_read_judgement@0; y5_read_judgement@0; y7_read_judgement@0;

  !constraints covariances
  ri_read_int WITH cx3@0 cy3@0 cw3@0;
  ri_read_int WITH cx5@0 cy5@0 cw7@0;
  ri_read_int WITH cx7@0 cy5@0 cw7@0;

  ri_read WITH cx3@0 cy3@0 cw3@0;
  ri_read WITH cx5@0 cy5@0 cw7@0;
  ri_read WITH cx7@0 cy5@0 cw7@0;

  ri_read_jud WITH cx3@0 cy3@0 cw3@0;
  ri_read_jud WITH cx5@0 cy5@0 cw7@0;
  ri_read_jud WITH cx7@0 cy5@0 cw7@0;


  !cross-lagged
    cx7 ON cx5 (P1); cx5 ON cx3 (P1);
    cx7 ON cy5 (P2); cx5 ON cy3 (P2);
    cx7 ON cw5 (P3); cx5 ON cw3 (P3);

    cy7 ON cy5 (P4); cy5 ON cy3 (P4);
    cy7 ON cx5 (P5); cy5 ON cx3 (P5);
    cy7 ON cw5 (P6); cy5 ON cw3 (P6);

    cw7 ON cw5 (P7); cw5 ON cw3 (P7);
    cw7 ON cx5 (P8); cw5 ON cx3 (P8);
    cw7 ON cy5 (P9); cw5 ON cy3 (P9);

  ! Residual correlations
  cx3 WITH cy3;
  cx5 WITH cy5;
  cx7 WITH cy7;

  cw3 WITH cy3;
  cw5 WITH cy5;
  cw7 WITH cy7;

  cw3 WITH cx3;
  cw5 WITH cx5;
  cw7 WITH cx7;


  OUTPUT: STDYX; CINTERVAL;



*** WARNING in VARIABLE command
  Note that only the first 8 characters of variable names are used in the output.
  Shorten variable names to avoid any confusion.
   1 WARNING(S) FOUND IN THE INPUT INSTRUCTIONS



Reading RI-CLPM

SUMMARY OF ANALYSIS

Number of groups                                                 1
Number of observations                                        2602

Number of dependent variables                                    9
Number of independent variables                                  0
Number of continuous latent variables                           12

Observed dependent variables

  Continuous
   Y3_READ     Y5_READ     Y7_READ     Y3_READ_IN  Y5_READ_IN  Y7_READ_IN
   Y3_READ_JU  Y5_READ_JU  Y7_READ_JU

Continuous latent variables
   RI_READ_    RI_READ     RI_READ_    CX3         CX5         CX7
   CY3         CY5         CY7         CW3         CW5         CW7

Variables with special functions

  Cluster variable      Y3_SID
  Weight variable       Y3_WEIGH

Estimator                                                      MLR
Information matrix                                        OBSERVED
Maximum number of iterations                                  1000
Convergence criterion                                    0.500D-04
Maximum number of steepest descent iterations                   20
Maximum number of iterations for H1                           2000
Convergence criterion for H1                             0.100D-03

Input data file(s)
  ../../data/mplus_data.dat

Input data format  FREE


SUMMARY OF DATA

     Number of missing data patterns            64
     Number of clusters                       1614



COVARIANCE COVERAGE OF DATA

Minimum covariance coverage value   0.100


     PROPORTION OF DATA PRESENT


           Covariance Coverage
              Y3_READ       Y5_READ       Y7_READ       Y3_READ_      Y5_READ_
              ________      ________      ________      ________      ________
 Y3_READ        0.975
 Y5_READ        0.926         0.949
 Y7_READ        0.867         0.850         0.884
 Y3_READ_       0.967         0.942         0.878         0.993
 Y5_READ_       0.918         0.900         0.847         0.935         0.940
 Y7_READ_       0.870         0.850         0.824         0.886         0.869
 Y3_READ_       0.970         0.945         0.881         0.988         0.936
 Y5_READ_       0.919         0.901         0.848         0.935         0.927
 Y7_READ_       0.862         0.842         0.817         0.877         0.859


           Covariance Coverage
              Y7_READ_      Y3_READ_      Y5_READ_      Y7_READ_
              ________      ________      ________      ________
 Y7_READ_       0.892
 Y3_READ_       0.887         0.995
 Y5_READ_       0.867         0.937         0.941
 Y7_READ_       0.869         0.879         0.859         0.883



UNIVARIATE SAMPLE STATISTICS


     UNIVARIATE HIGHER-ORDER MOMENT DESCRIPTIVE STATISTICS

         Variable/         Mean/     Skewness/   Minimum/ % with                Percentiles
        Sample Size      Variance    Kurtosis    Maximum  Min/Max      20%/60%    40%/80%    Median

     Y3_READ             420.247      -0.141       5.000    0.12%     354.000    407.000    426.200
            2536.000    7489.890       0.804     677.000    0.08%     448.000    489.000
     Y5_READ             504.061      -0.026       0.000    0.04%     442.800    488.600    512.700
            2470.000    6910.454       0.271     842.000    0.04%     525.300    582.900
     Y7_READ             557.796      -0.102     261.400    0.04%     501.700    545.400    568.300
            2301.000    5105.163      -0.117     785.300    0.13%     584.400    620.400
     Y3_READ_INTERES       2.613      -1.362       1.000    7.16%       2.000      3.000      3.000
            2583.000       0.384       0.709       3.000   68.06%       3.000      3.000
     Y5_READ_INTERES       2.459      -0.790       1.000    8.30%       2.000      2.000      3.000
            2446.000       0.418      -0.438       3.000   53.97%       3.000      3.000
     Y7_READ_INTERES       2.300      -0.426       1.000   11.47%       2.000      2.000      2.000
            2320.000       0.443      -0.776       3.000   42.84%       3.000      3.000
     Y3_READ_JUDGEME       3.834      -0.491       1.000    1.93%       3.000      4.000      4.000
            2590.000       1.214      -0.785       5.000   37.49%       4.000      5.000
     Y5_READ_JUDGEME       3.863      -0.535       1.000    1.84%       3.000      4.000      4.000
            2449.000       1.112      -0.540       5.000   36.22%       4.000      5.000
     Y7_READ_JUDGEME       3.631      -0.229       1.000    1.78%       3.000      3.000      4.000
            2298.000       1.023      -0.545       5.000   24.76%       4.000      5.000


THE MODEL ESTIMATION TERMINATED NORMALLY



MODEL FIT INFORMATION

Number of Free Parameters                       42

Loglikelihood

          H0 Value                      -55872.122
          H0 Scaling Correction Factor      1.3295
            for MLR
          H1 Value                      -55814.890
          H1 Scaling Correction Factor      1.3299
            for MLR

Information Criteria

          Akaike (AIC)                  111828.244
          Bayesian (BIC)                112074.534
          Sample-Size Adjusted BIC      111941.088
            (n* = (n + 2) / 24)

Chi-Square Test of Model Fit

          Value                             85.965*
          Degrees of Freedom                    12
          P-Value                           0.0000
          Scaling Correction Factor         1.3315
            for MLR

*   The chi-square value for MLM, MLMV, MLR, ULSMV, WLSM and WLSMV cannot be used
    for chi-square difference testing in the regular way.  MLM, MLR and WLSM
    chi-square difference testing is described on the Mplus website.  MLMV, WLSMV,
    and ULSMV difference testing is done using the DIFFTEST option.

RMSEA (Root Mean Square Error Of Approximation)

          Estimate                           0.049
          90 Percent C.I.                    0.039  0.059
          Probability RMSEA <= .05           0.568

CFI/TLI

          CFI                                0.988
          TLI                                0.963

Chi-Square Test of Model Fit for the Baseline Model

          Value                           6066.575
          Degrees of Freedom                    36
          P-Value                           0.0000

SRMR (Standardized Root Mean Square Residual)

          Value                              0.046



MODEL RESULTS

                                                    Two-Tailed
                    Estimate       S.E.  Est./S.E.    P-Value

 RI_READ_ BY
    Y3_READ_IN         1.000      0.000    999.000    999.000
    Y5_READ_IN         1.000      0.000    999.000    999.000
    Y7_READ_IN         1.000      0.000    999.000    999.000

 RI_READ  BY
    Y3_READ            1.000      0.000    999.000    999.000
    Y5_READ            1.000      0.000    999.000    999.000
    Y7_READ            1.000      0.000    999.000    999.000

 RI_READ_ BY
    Y3_READ_JU         1.000      0.000    999.000    999.000
    Y5_READ_JU         1.000      0.000    999.000    999.000
    Y7_READ_JU         1.000      0.000    999.000    999.000

 CX3      BY
    Y3_READ_IN         1.000      0.000    999.000    999.000

 CX5      BY
    Y5_READ_IN         1.000      0.000    999.000    999.000

 CX7      BY
    Y7_READ_IN         1.000      0.000    999.000    999.000

 CY3      BY
    Y3_READ            1.000      0.000    999.000    999.000

 CY5      BY
    Y5_READ            1.000      0.000    999.000    999.000

 CY7      BY
    Y7_READ            1.000      0.000    999.000    999.000

 CW3      BY
    Y3_READ_JU         1.000      0.000    999.000    999.000

 CW5      BY
    Y5_READ_JU         1.000      0.000    999.000    999.000

 CW7      BY
    Y7_READ_JU         1.000      0.000    999.000    999.000

 CX7      ON
    CX5                0.136      0.035      3.936      0.000
    CY5                0.001      0.000      3.675      0.000
    CW5                0.032      0.022      1.465      0.143

 CX5      ON
    CX3                0.136      0.035      3.936      0.000
    CY3                0.001      0.000      3.675      0.000
    CW3                0.032      0.022      1.465      0.143

 CY7      ON
    CY5                0.229      0.040      5.721      0.000
    CX5                3.286      2.134      1.540      0.124
    CW5                6.849      1.732      3.955      0.000

 CY5      ON
    CY3                0.229      0.040      5.721      0.000
    CX3                3.286      2.134      1.540      0.124
    CW3                6.849      1.732      3.955      0.000

 CW7      ON
    CW5                0.128      0.038      3.390      0.001
    CX5                0.013      0.036      0.369      0.712
    CY5                0.002      0.000      5.376      0.000

 CW5      ON
    CW3                0.128      0.038      3.390      0.001
    CX3                0.013      0.036      0.369      0.712
    CY3                0.002      0.000      5.376      0.000

 RI_READ_ WITH
    CX3                0.000      0.000    999.000    999.000
    CY3                0.000      0.000    999.000    999.000
    CW3                0.000      0.000    999.000    999.000
    CX5                0.000      0.000    999.000    999.000
    CY5                0.000      0.000    999.000    999.000
    CW7                0.000      0.000    999.000    999.000
    CX7                0.000      0.000    999.000    999.000

 RI_READ  WITH
    CX3                0.000      0.000    999.000    999.000
    CY3                0.000      0.000    999.000    999.000
    CW3                0.000      0.000    999.000    999.000
    CX5                0.000      0.000    999.000    999.000
    CY5                0.000      0.000    999.000    999.000
    CW7                0.000      0.000    999.000    999.000
    CX7                0.000      0.000    999.000    999.000
    RI_READ_IN         7.853      1.112      7.064      0.000

 RI_READ_ WITH
    CX3                0.000      0.000    999.000    999.000
    CY3                0.000      0.000    999.000    999.000
    CW3                0.000      0.000    999.000    999.000
    CX5                0.000      0.000    999.000    999.000
    CY5                0.000      0.000    999.000    999.000
    CW7                0.000      0.000    999.000    999.000
    CX7                0.000      0.000    999.000    999.000
    RI_READ_IN         0.122      0.016      7.869      0.000
    RI_READ           33.049      2.044     16.166      0.000

 CX3      WITH
    CY3                1.251      1.231      1.016      0.309
    CW3                0.018      0.017      1.052      0.293

 CX5      WITH
    CY5                2.226      0.971      2.292      0.022
    CW5                0.018      0.013      1.320      0.187

 CX7      WITH
    CY7                2.280      0.737      3.094      0.002
    CW7                0.071      0.014      5.050      0.000

 CW3      WITH
    CY3               13.123      2.262      5.801      0.000

 CW5      WITH
    CY5                5.040      1.203      4.188      0.000

 CW7      WITH
    CY7                1.754      0.950      1.847      0.065

 Intercepts
    Y3_READ          419.454      1.985    211.286      0.000
    Y5_READ          502.865      1.947    258.333      0.000
    Y7_READ          554.441      1.686    328.908      0.000
    Y3_READ_IN         2.613      0.013    193.880      0.000
    Y5_READ_IN         2.459      0.014    170.138      0.000
    Y7_READ_IN         2.294      0.015    154.343      0.000
    Y3_READ_JU         3.832      0.024    160.067      0.000
    Y5_READ_JU         3.851      0.024    162.824      0.000
    Y7_READ_JU         3.618      0.023    159.403      0.000

 Variances
    RI_READ_IN         0.075      0.012      6.090      0.000
    RI_READ         4146.219    204.824     20.243      0.000
    RI_READ_JU         0.514      0.035     14.568      0.000
    CX3                0.316      0.015     20.551      0.000
    CY3             2965.401    259.814     11.414      0.000
    CW3                0.633      0.039     16.211      0.000

 Residual Variances
    Y3_READ            0.000      0.000    999.000    999.000
    Y5_READ            0.000      0.000    999.000    999.000
    Y7_READ            0.000      0.000    999.000    999.000
    Y3_READ_IN         0.000      0.000    999.000    999.000
    Y5_READ_IN         0.000      0.000    999.000    999.000
    Y7_READ_IN         0.000      0.000    999.000    999.000
    Y3_READ_JU         0.000      0.000    999.000    999.000
    Y5_READ_JU         0.000      0.000    999.000    999.000
    Y7_READ_JU         0.000      0.000    999.000    999.000
    CX5                0.327      0.014     23.320      0.000
    CX7                0.350      0.013     27.212      0.000
    CY5             2389.538    146.833     16.274      0.000
    CY7             1157.158     81.643     14.173      0.000
    CW5                0.544      0.022     24.883      0.000
    CW7                0.534      0.026     20.862      0.000


STANDARDIZED MODEL RESULTS


STDYX Standardization

                                                    Two-Tailed
                    Estimate       S.E.  Est./S.E.    P-Value

 RI_READ_ BY
    Y3_READ_IN         0.437      0.034     12.785      0.000
    Y5_READ_IN         0.425      0.035     12.047      0.000
    Y7_READ_IN         0.413      0.034     12.224      0.000

 RI_READ  BY
    Y3_READ            0.764      0.018     41.319      0.000
    Y5_READ            0.783      0.017     46.272      0.000
    Y7_READ            0.868      0.014     60.699      0.000

 RI_READ_ BY
    Y3_READ_JU         0.669      0.023     29.695      0.000
    Y5_READ_JU         0.686      0.020     34.856      0.000
    Y7_READ_JU         0.691      0.020     34.200      0.000

 CX3      BY
    Y3_READ_IN         0.899      0.017     54.072      0.000

 CX5      BY
    Y5_READ_IN         0.905      0.017     54.720      0.000

 CX7      BY
    Y7_READ_IN         0.911      0.015     59.329      0.000

 CY3      BY
    Y3_READ            0.646      0.022     29.552      0.000

 CY5      BY
    Y5_READ            0.622      0.021     29.256      0.000

 CY7      BY
    Y7_READ            0.496      0.025     19.855      0.000

 CW3      BY
    Y3_READ_JU         0.743      0.020     36.594      0.000

 CW5      BY
    Y5_READ_JU         0.728      0.019     39.214      0.000

 CW7      BY
    Y7_READ_JU         0.723      0.019     37.424      0.000

 CX7      ON
    CX5                0.132      0.034      3.889      0.000
    CY5                0.104      0.029      3.568      0.000
    CW5                0.040      0.027      1.463      0.143

 CX5      ON
    CX3                0.131      0.033      4.014      0.000
    CY3                0.114      0.032      3.561      0.000
    CW3                0.043      0.030      1.458      0.145

 CY7      ON
    CY5                0.318      0.053      5.951      0.000
    CX5                0.052      0.034      1.538      0.124
    CW5                0.141      0.036      3.958      0.000

 CY5      ON
    CY3                0.243      0.040      6.021      0.000
    CX3                0.036      0.023      1.549      0.121
    CW3                0.106      0.028      3.828      0.000

 CW7      ON
    CW5                0.130      0.038      3.409      0.001
    CX5                0.010      0.028      0.369      0.712
    CY5                0.158      0.030      5.281      0.000

 CW5      ON
    CW3                0.134      0.040      3.334      0.001
    CX3                0.010      0.027      0.370      0.712
    CY3                0.166      0.033      5.060      0.000

 RI_READ_ WITH
    CX3                0.000      0.000    999.000    999.000
    CY3                0.000      0.000    999.000    999.000
    CW3                0.000      0.000    999.000    999.000
    CX5                0.000      0.000    999.000    999.000
    CY5                0.000      0.000    999.000    999.000
    CW7                0.000      0.000    999.000    999.000
    CX7                0.000      0.000    999.000    999.000

 RI_READ  WITH
    CX3                0.000      0.000    999.000    999.000
    CY3                0.000      0.000    999.000    999.000
    CW3                0.000      0.000    999.000    999.000
    CX5                0.000      0.000    999.000    999.000
    CY5                0.000      0.000    999.000    999.000
    CW7                0.000      0.000    999.000    999.000
    CX7                0.000      0.000    999.000    999.000
    RI_READ_IN         0.446      0.055      8.053      0.000

 RI_READ_ WITH
    CX3                0.000      0.000    999.000    999.000
    CY3                0.000      0.000    999.000    999.000
    CW3                0.000      0.000    999.000    999.000
    CX5                0.000      0.000    999.000    999.000
    CY5                0.000      0.000    999.000    999.000
    CW7                0.000      0.000    999.000    999.000
    CX7                0.000      0.000    999.000    999.000
    RI_READ_IN         0.625      0.068      9.167      0.000
    RI_READ            0.716      0.025     28.902      0.000

 CX3      WITH
    CY3                0.041      0.039      1.045      0.296
    CW3                0.041      0.038      1.064      0.287

 CX5      WITH
    CY5                0.080      0.034      2.335      0.020
    CW5                0.042      0.032      1.325      0.185

 CX7      WITH
    CY7                0.113      0.036      3.134      0.002
    CW7                0.165      0.031      5.283      0.000

 CW3      WITH
    CY3                0.303      0.039      7.828      0.000

 CW5      WITH
    CY5                0.140      0.033      4.224      0.000

 CW7      WITH
    CY7                0.071      0.037      1.886      0.059

 Intercepts
    Y3_READ            4.974      0.099     50.153      0.000
    Y5_READ            6.113      0.094     65.123      0.000
    Y7_READ            7.474      0.120     62.169      0.000
    Y3_READ_IN         4.181      0.094     44.686      0.000
    Y5_READ_IN         3.821      0.071     53.931      0.000
    Y7_READ_IN         3.469      0.056     62.059      0.000
    Y3_READ_JU         3.578      0.054     66.333      0.000
    Y5_READ_JU         3.686      0.060     61.841      0.000
    Y7_READ_JU         3.488      0.058     59.816      0.000

 Variances
    RI_READ_IN         1.000      0.000    999.000    999.000
    RI_READ            1.000      0.000    999.000    999.000
    RI_READ_JU         1.000      0.000    999.000    999.000
    CX3                1.000      0.000    999.000    999.000
    CY3                1.000      0.000    999.000    999.000
    CW3                1.000      0.000    999.000    999.000

 Residual Variances
    Y3_READ            0.000    999.000    999.000    999.000
    Y5_READ            0.000    999.000    999.000    999.000
    Y7_READ            0.000    999.000    999.000    999.000
    Y3_READ_IN         0.000    999.000    999.000    999.000
    Y5_READ_IN         0.000    999.000    999.000    999.000
    Y7_READ_IN         0.000    999.000    999.000    999.000
    Y3_READ_JU         0.000    999.000    999.000    999.000
    Y5_READ_JU         0.000    999.000    999.000    999.000
    Y7_READ_JU         0.000    999.000    999.000    999.000
    CX5                0.963      0.014     68.631      0.000
    CX7                0.965      0.014     68.838      0.000
    CY5                0.912      0.026     35.634      0.000
    CY7                0.853      0.041     20.894      0.000
    CW5                0.940      0.022     42.396      0.000
    CW7                0.949      0.018     52.280      0.000


R-SQUARE

    Observed                                        Two-Tailed
    Variable        Estimate       S.E.  Est./S.E.    P-Value

    Y3_READ            1.000    999.000    999.000    999.000
    Y5_READ            1.000    999.000    999.000    999.000
    Y7_READ            1.000    999.000    999.000    999.000
    Y3_READ_           1.000    999.000    999.000    999.000
    Y5_READ_           1.000    999.000    999.000    999.000
    Y7_READ_           1.000    999.000    999.000    999.000
    Y3_READ_           1.000    999.000    999.000    999.000
    Y5_READ_           1.000    999.000    999.000    999.000
    Y7_READ_           1.000    999.000    999.000    999.000

     Latent                                         Two-Tailed
    Variable        Estimate       S.E.  Est./S.E.    P-Value

    CX5                0.037      0.014      2.621      0.009
    CX7                0.035      0.014      2.528      0.011
    CY5                0.088      0.026      3.458      0.001
    CY7                0.147      0.041      3.595      0.000
    CW5                0.060      0.022      2.685      0.007
    CW7                0.051      0.018      2.812      0.005


QUALITY OF NUMERICAL RESULTS

     Condition Number for the Information Matrix              0.188E-07
       (ratio of smallest to largest eigenvalue)


CONFIDENCE INTERVALS OF MODEL RESULTS

                  Lower .5%  Lower 2.5%    Lower 5%    Estimate    Upper 5%  Upper 2.5%   Upper .5%

 RI_READ_ BY
    Y3_READ_IN       1.000       1.000       1.000       1.000       1.000       1.000       1.000
    Y5_READ_IN       1.000       1.000       1.000       1.000       1.000       1.000       1.000
    Y7_READ_IN       1.000       1.000       1.000       1.000       1.000       1.000       1.000

 RI_READ  BY
    Y3_READ          1.000       1.000       1.000       1.000       1.000       1.000       1.000
    Y5_READ          1.000       1.000       1.000       1.000       1.000       1.000       1.000
    Y7_READ          1.000       1.000       1.000       1.000       1.000       1.000       1.000

 RI_READ_ BY
    Y3_READ_JU       1.000       1.000       1.000       1.000       1.000       1.000       1.000
    Y5_READ_JU       1.000       1.000       1.000       1.000       1.000       1.000       1.000
    Y7_READ_JU       1.000       1.000       1.000       1.000       1.000       1.000       1.000

 CX3      BY
    Y3_READ_IN       1.000       1.000       1.000       1.000       1.000       1.000       1.000

 CX5      BY
    Y5_READ_IN       1.000       1.000       1.000       1.000       1.000       1.000       1.000

 CX7      BY
    Y7_READ_IN       1.000       1.000       1.000       1.000       1.000       1.000       1.000

 CY3      BY
    Y3_READ          1.000       1.000       1.000       1.000       1.000       1.000       1.000

 CY5      BY
    Y5_READ          1.000       1.000       1.000       1.000       1.000       1.000       1.000

 CY7      BY
    Y7_READ          1.000       1.000       1.000       1.000       1.000       1.000       1.000

 CW3      BY
    Y3_READ_JU       1.000       1.000       1.000       1.000       1.000       1.000       1.000

 CW5      BY
    Y5_READ_JU       1.000       1.000       1.000       1.000       1.000       1.000       1.000

 CW7      BY
    Y7_READ_JU       1.000       1.000       1.000       1.000       1.000       1.000       1.000

 CX7      ON
    CX5              0.047       0.068       0.079       0.136       0.193       0.204       0.225
    CY5              0.000       0.001       0.001       0.001       0.002       0.002       0.002
    CW5             -0.024      -0.011      -0.004       0.032       0.067       0.074       0.087

 CX5      ON
    CX3              0.047       0.068       0.079       0.136       0.193       0.204       0.225
    CY3              0.000       0.001       0.001       0.001       0.002       0.002       0.002
    CW3             -0.024      -0.011      -0.004       0.032       0.067       0.074       0.087

 CY7      ON
    CY5              0.126       0.150       0.163       0.229       0.294       0.307       0.332
    CX5             -2.212      -0.897      -0.225       3.286       6.797       7.469       8.784
    CW5              2.388       3.455       4.000       6.849       9.698      10.244      11.310

 CY5      ON
    CY3              0.126       0.150       0.163       0.229       0.294       0.307       0.332
    CX3             -2.212      -0.897      -0.225       3.286       6.797       7.469       8.784
    CW3              2.388       3.455       4.000       6.849       9.698      10.244      11.310

 CW7      ON
    CW5              0.031       0.054       0.066       0.128       0.191       0.203       0.226
    CX5             -0.080      -0.058      -0.046       0.013       0.073       0.084       0.107
    CY5              0.001       0.001       0.002       0.002       0.003       0.003       0.003

 CW5      ON
    CW3              0.031       0.054       0.066       0.128       0.191       0.203       0.226
    CX3             -0.080      -0.058      -0.046       0.013       0.073       0.084       0.107
    CY3              0.001       0.001       0.002       0.002       0.003       0.003       0.003

 RI_READ_ WITH
    CX3              0.000       0.000       0.000       0.000       0.000       0.000       0.000
    CY3              0.000       0.000       0.000       0.000       0.000       0.000       0.000
    CW3              0.000       0.000       0.000       0.000       0.000       0.000       0.000
    CX5              0.000       0.000       0.000       0.000       0.000       0.000       0.000
    CY5              0.000       0.000       0.000       0.000       0.000       0.000       0.000
    CW7              0.000       0.000       0.000       0.000       0.000       0.000       0.000
    CX7              0.000       0.000       0.000       0.000       0.000       0.000       0.000

 RI_READ  WITH
    CX3              0.000       0.000       0.000       0.000       0.000       0.000       0.000
    CY3              0.000       0.000       0.000       0.000       0.000       0.000       0.000
    CW3              0.000       0.000       0.000       0.000       0.000       0.000       0.000
    CX5              0.000       0.000       0.000       0.000       0.000       0.000       0.000
    CY5              0.000       0.000       0.000       0.000       0.000       0.000       0.000
    CW7              0.000       0.000       0.000       0.000       0.000       0.000       0.000
    CX7              0.000       0.000       0.000       0.000       0.000       0.000       0.000
    RI_READ_IN       4.989       5.674       6.024       7.853       9.681      10.032      10.716

 RI_READ_ WITH
    CX3              0.000       0.000       0.000       0.000       0.000       0.000       0.000
    CY3              0.000       0.000       0.000       0.000       0.000       0.000       0.000
    CW3              0.000       0.000       0.000       0.000       0.000       0.000       0.000
    CX5              0.000       0.000       0.000       0.000       0.000       0.000       0.000
    CY5              0.000       0.000       0.000       0.000       0.000       0.000       0.000
    CW7              0.000       0.000       0.000       0.000       0.000       0.000       0.000
    CX7              0.000       0.000       0.000       0.000       0.000       0.000       0.000
    RI_READ_IN       0.082       0.092       0.097       0.122       0.148       0.153       0.163
    RI_READ         27.783      29.042      29.686      33.049      36.412      37.056      38.315

 CX3      WITH
    CY3             -1.920      -1.162      -0.774       1.251       3.276       3.664       4.422
    CW3             -0.026      -0.016      -0.010       0.018       0.047       0.052       0.063

 CX5      WITH
    CY5             -0.276       0.322       0.628       2.226       3.823       4.129       4.727
    CW5             -0.017      -0.009      -0.004       0.018       0.040       0.044       0.052

 CX7      WITH
    CY7              0.382       0.836       1.068       2.280       3.493       3.725       4.179
    CW7              0.035       0.044       0.048       0.071       0.095       0.099       0.108

 CW3      WITH
    CY3              7.296       8.689       9.401      13.123      16.844      17.557      18.950

 CW5      WITH
    CY5              1.941       2.682       3.061       5.040       7.020       7.399       8.140

 CW7      WITH
    CY7             -0.692      -0.107       0.192       1.754       3.316       3.615       4.200

 Intercepts
    Y3_READ        414.341     415.563     416.189     419.454     422.720     423.345     424.568
    Y5_READ        497.851     499.050     499.663     502.865     506.067     506.680     507.879
    Y7_READ        550.099     551.137     551.668     554.441     557.214     557.745     558.783
    Y3_READ_         2.579       2.587       2.591       2.613       2.635       2.640       2.648
    Y5_READ_         2.422       2.430       2.435       2.459       2.483       2.487       2.496
    Y7_READ_         2.256       2.265       2.269       2.294       2.318       2.323       2.332
    Y3_READ_         3.770       3.785       3.792       3.832       3.871       3.879       3.893
    Y5_READ_         3.790       3.805       3.812       3.851       3.890       3.897       3.912
    Y7_READ_         3.559       3.573       3.581       3.618       3.655       3.662       3.676

 Variances
    RI_READ_         0.043       0.051       0.055       0.075       0.095       0.099       0.106
    RI_READ       3618.633    3744.764    3809.283    4146.219    4483.154    4547.674    4673.804
    RI_READ_         0.423       0.445       0.456       0.514       0.572       0.583       0.605
    CX3              0.276       0.286       0.291       0.316       0.341       0.346       0.356
    CY3           2296.172    2456.166    2538.007    2965.401    3392.795    3474.637    3634.630
    CW3              0.533       0.557       0.569       0.633       0.697       0.710       0.734

 Residual Variances
    Y3_READ          0.000       0.000       0.000       0.000       0.000       0.000       0.000
    Y5_READ          0.000       0.000       0.000       0.000       0.000       0.000       0.000
    Y7_READ          0.000       0.000       0.000       0.000       0.000       0.000       0.000
    Y3_READ_         0.000       0.000       0.000       0.000       0.000       0.000       0.000
    Y5_READ_         0.000       0.000       0.000       0.000       0.000       0.000       0.000
    Y7_READ_         0.000       0.000       0.000       0.000       0.000       0.000       0.000
    Y3_READ_         0.000       0.000       0.000       0.000       0.000       0.000       0.000
    Y5_READ_         0.000       0.000       0.000       0.000       0.000       0.000       0.000
    Y7_READ_         0.000       0.000       0.000       0.000       0.000       0.000       0.000
    CX5              0.291       0.299       0.304       0.327       0.350       0.354       0.363
    CX7              0.317       0.325       0.329       0.350       0.371       0.375       0.383
    CY5           2011.324    2101.744    2147.997    2389.538    2631.079    2677.331    2767.751
    CY7            946.862     997.138    1022.855    1157.158    1291.461    1317.179    1367.455
    CW5              0.487       0.501       0.508       0.544       0.580       0.586       0.600
    CW7              0.468       0.483       0.491       0.534       0.576       0.584       0.599


CONFIDENCE INTERVALS OF STANDARDIZED MODEL RESULTS


STDYX Standardization

                  Lower .5%  Lower 2.5%    Lower 5%    Estimate    Upper 5%  Upper 2.5%   Upper .5%

 RI_READ_ BY
    Y3_READ_IN       0.349       0.370       0.381       0.437       0.494       0.504       0.525
    Y5_READ_IN       0.334       0.356       0.367       0.425       0.483       0.494       0.516
    Y7_READ_IN       0.326       0.347       0.358       0.413       0.469       0.480       0.500

 RI_READ  BY
    Y3_READ          0.716       0.727       0.733       0.764       0.794       0.800       0.811
    Y5_READ          0.739       0.750       0.755       0.783       0.811       0.816       0.826
    Y7_READ          0.831       0.840       0.845       0.868       0.892       0.896       0.905

 RI_READ_ BY
    Y3_READ_JU       0.611       0.625       0.632       0.669       0.706       0.713       0.727
    Y5_READ_JU       0.635       0.647       0.654       0.686       0.718       0.725       0.737
    Y7_READ_JU       0.639       0.651       0.658       0.691       0.724       0.731       0.743

 CX3      BY
    Y3_READ_IN       0.856       0.867       0.872       0.899       0.927       0.932       0.942

 CX5      BY
    Y5_READ_IN       0.863       0.873       0.878       0.905       0.933       0.938       0.948

 CX7      BY
    Y7_READ_IN       0.871       0.881       0.885       0.911       0.936       0.941       0.950

 CY3      BY
    Y3_READ          0.589       0.603       0.610       0.646       0.682       0.689       0.702

 CY5      BY
    Y5_READ          0.568       0.581       0.587       0.622       0.657       0.664       0.677

 CY7      BY
    Y7_READ          0.432       0.447       0.455       0.496       0.538       0.545       0.561

 CW3      BY
    Y3_READ_JU       0.691       0.703       0.710       0.743       0.776       0.783       0.795

 CW5      BY
    Y5_READ_JU       0.680       0.691       0.697       0.728       0.758       0.764       0.775

 CW7      BY
    Y7_READ_JU       0.673       0.685       0.691       0.723       0.755       0.761       0.773

 CX7      ON
    CX5              0.044       0.065       0.076       0.132       0.188       0.198       0.219
    CY5              0.029       0.047       0.056       0.104       0.151       0.160       0.178
    CW5             -0.030      -0.014      -0.005       0.040       0.085       0.094       0.111

 CX5      ON
    CX3              0.047       0.067       0.078       0.131       0.185       0.196       0.216
    CY3              0.031       0.051       0.061       0.114       0.166       0.176       0.196
    CW3             -0.033      -0.015      -0.006       0.043       0.092       0.102       0.120

 CY7      ON
    CY5              0.180       0.213       0.230       0.318       0.406       0.423       0.455
    CX5             -0.035      -0.014      -0.004       0.052       0.108       0.118       0.139
    CW5              0.049       0.071       0.083       0.141       0.200       0.211       0.233

 CY5      ON
    CY3              0.139       0.164       0.177       0.243       0.310       0.322       0.347
    CX3             -0.024      -0.010      -0.002       0.036       0.074       0.082       0.096
    CW3              0.035       0.052       0.061       0.106       0.152       0.161       0.178

 CW7      ON
    CW5              0.032       0.055       0.067       0.130       0.193       0.205       0.229
    CX5             -0.062      -0.045      -0.036       0.010       0.057       0.066       0.083
    CY5              0.081       0.100       0.109       0.158       0.208       0.217       0.236

 CW5      ON
    CW3              0.031       0.055       0.068       0.134       0.201       0.214       0.238
    CX3             -0.059      -0.043      -0.034       0.010       0.054       0.062       0.079
    CY3              0.082       0.102       0.112       0.166       0.220       0.231       0.251

 RI_READ_ WITH
    CX3              0.000       0.000       0.000       0.000       0.000       0.000       0.000
    CY3              0.000       0.000       0.000       0.000       0.000       0.000       0.000
    CW3              0.000       0.000       0.000       0.000       0.000       0.000       0.000
    CX5              0.000       0.000       0.000       0.000       0.000       0.000       0.000
    CY5              0.000       0.000       0.000       0.000       0.000       0.000       0.000
    CW7              0.000       0.000       0.000       0.000       0.000       0.000       0.000
    CX7              0.000       0.000       0.000       0.000       0.000       0.000       0.000

 RI_READ  WITH
    CX3              0.000       0.000       0.000       0.000       0.000       0.000       0.000
    CY3              0.000       0.000       0.000       0.000       0.000       0.000       0.000
    CW3              0.000       0.000       0.000       0.000       0.000       0.000       0.000
    CX5              0.000       0.000       0.000       0.000       0.000       0.000       0.000
    CY5              0.000       0.000       0.000       0.000       0.000       0.000       0.000
    CW7              0.000       0.000       0.000       0.000       0.000       0.000       0.000
    CX7              0.000       0.000       0.000       0.000       0.000       0.000       0.000
    RI_READ_IN       0.303       0.338       0.355       0.446       0.537       0.555       0.589

 RI_READ_ WITH
    CX3              0.000       0.000       0.000       0.000       0.000       0.000       0.000
    CY3              0.000       0.000       0.000       0.000       0.000       0.000       0.000
    CW3              0.000       0.000       0.000       0.000       0.000       0.000       0.000
    CX5              0.000       0.000       0.000       0.000       0.000       0.000       0.000
    CY5              0.000       0.000       0.000       0.000       0.000       0.000       0.000
    CW7              0.000       0.000       0.000       0.000       0.000       0.000       0.000
    CX7              0.000       0.000       0.000       0.000       0.000       0.000       0.000
    RI_READ_IN       0.449       0.491       0.513       0.625       0.737       0.759       0.800
    RI_READ          0.652       0.667       0.675       0.716       0.757       0.765       0.780

 CX3      WITH
    CY3             -0.060      -0.036      -0.023       0.041       0.105       0.118       0.142
    CW3             -0.058      -0.034      -0.022       0.041       0.104       0.116       0.140

 CX5      WITH
    CY5             -0.008       0.013       0.024       0.080       0.136       0.146       0.167
    CW5             -0.040      -0.020      -0.010       0.042       0.094       0.104       0.123

 CX7      WITH
    CY7              0.020       0.042       0.054       0.113       0.173       0.184       0.207
    CW7              0.085       0.104       0.114       0.165       0.217       0.226       0.246

 CW3      WITH
    CY3              0.203       0.227       0.239       0.303       0.366       0.379       0.403

 CW5      WITH
    CY5              0.055       0.075       0.085       0.140       0.194       0.205       0.225

 CW7      WITH
    CY7             -0.026      -0.003       0.009       0.071       0.132       0.144       0.167

 Intercepts
    Y3_READ          4.718       4.780       4.811       4.974       5.137       5.168       5.229
    Y5_READ          5.871       5.929       5.958       6.113       6.267       6.297       6.354
    Y7_READ          7.165       7.239       7.277       7.474       7.672       7.710       7.784
    Y3_READ_         3.940       3.998       4.027       4.181       4.335       4.364       4.422
    Y5_READ_         3.639       3.682       3.705       3.821       3.938       3.960       4.004
    Y7_READ_         3.325       3.359       3.377       3.469       3.561       3.578       3.613
    Y3_READ_         3.439       3.472       3.489       3.578       3.667       3.684       3.717
    Y5_READ_         3.532       3.569       3.588       3.686       3.784       3.802       3.839
    Y7_READ_         3.337       3.373       3.392       3.488       3.584       3.602       3.638

 Variances
    RI_READ_         1.000       1.000       1.000       1.000       1.000       1.000       1.000
    RI_READ          1.000       1.000       1.000       1.000       1.000       1.000       1.000
    RI_READ_         1.000       1.000       1.000       1.000       1.000       1.000       1.000
    CX3              1.000       1.000       1.000       1.000       1.000       1.000       1.000
    CY3              1.000       1.000       1.000       1.000       1.000       1.000       1.000
    CW3              1.000       1.000       1.000       1.000       1.000       1.000       1.000

 Residual Variances
    Y3_READ        999.000     999.000     999.000       0.000     999.000     999.000     999.000
    Y5_READ        999.000     999.000     999.000       0.000     999.000     999.000     999.000
    Y7_READ        999.000     999.000     999.000       0.000     999.000     999.000     999.000
    Y3_READ_       999.000     999.000     999.000       0.000     999.000     999.000     999.000
    Y5_READ_       999.000     999.000     999.000       0.000     999.000     999.000     999.000
    Y7_READ_       999.000     999.000     999.000       0.000     999.000     999.000     999.000
    Y3_READ_       999.000     999.000     999.000       0.000     999.000     999.000     999.000
    Y5_READ_       999.000     999.000     999.000       0.000     999.000     999.000     999.000
    Y7_READ_       999.000     999.000     999.000       0.000     999.000     999.000     999.000
    CX5              0.927       0.936       0.940       0.963       0.986       0.991       0.999
    CX7              0.928       0.937       0.942       0.965       0.988       0.992       1.001
    CY5              0.846       0.861       0.869       0.912       0.954       0.962       0.977
    CY7              0.748       0.773       0.786       0.853       0.920       0.933       0.958
    CW5              0.883       0.897       0.904       0.940       0.977       0.984       0.998
    CW7              0.902       0.913       0.919       0.949       0.979       0.985       0.996


     Beginning Time:  16:14:15
        Ending Time:  16:14:16
       Elapsed Time:  00:00:01



MUTHEN & MUTHEN
3463 Stoner Ave.
Los Angeles, CA  90066

Tel: (310) 391-9971
Fax: (310) 391-8971
Web: www.StatModel.com
Support: Support@StatModel.com

Copyright (c) 1998-2019 Muthen & Muthen
